0,None,0,1.738925920887 
1,site_14 x site_15,0.004,1.640153609476 
2,site_12 x site_13,0.007,1.496748123847 
3,site_10 x site_11,0.009,1.314096178954 
4,site_10 x site_9,0.011,1.206683977292 
5,site_8 x site_9,0.013,1.090097078884 
6,site_7 x site_8,0.016,0.965789514576 
7,site_6 x site_7,0.018,0.835475714430 
8,site_5 x site_6,0.020,0.701964584098 
9,site_4 x site_5,0.023,0.568384400000 
10,site_3 x site_4,0.025,0.438381539568 
11,site_0 x site_2,0.027,0.261187878300 
12,site_1 x site_2,0.030,0.176003212196 
13,site_2 x site_3,0.032,0.115798174477 
14,site_0 x site_1,0.072,0.112456803277 
15,site_11 x site_12,0.074,0.079724986687 
16,site_13 x site_14,0.077,0.049524497134 
17,site_0 x site_4,0.161,0.044047850950 
18,site_2 x site_6,0.245,0.038270338655 
19,site_1 x site_3,1.713,0.036786815049 
20,site_4 x site_8,1.797,0.031205474471 
21,site_3 x site_5,3.310,0.030054995914 
22,site_0 x site_10,4.150,0.025109291771 
23,site_2 x site_4,16.965,0.024390200189 
24,site_12 x site_6,17.805,0.018696941310 
25,site_0 x site_3,17.805,0.018396309382 
26,site_1 x site_7,276.453,0.016869762551 
