0,None,0,1.738925920887 
1,site_14 x site_15,0.002,1.640151903014 
2,site_12 x site_13,0.005,1.496744509848 
3,site_10 x site_11,0.007,1.314094007092 
4,site_10 x site_9,0.010,1.209098858833 
5,site_8 x site_9,0.012,1.097467134431 
6,site_7 x site_8,0.015,0.980873395822 
7,site_6 x site_7,0.017,0.861180295499 
8,site_5 x site_6,0.020,0.741271754739 
9,site_4 x site_5,0.022,0.624231321828 
10,site_3 x site_4,0.025,0.513710519432 
11,site_0 x site_2,0.027,0.336578536873 
12,site_1 x site_2,0.030,0.254893486540 
13,site_2 x site_3,0.032,0.247144152219 
14,site_0 x site_1,0.035,0.240442740744 
15,site_2 x site_4,0.037,0.234322921187 
16,site_1 x site_3,0.040,0.228218873856 
17,site_3 x site_5,0.042,0.222638116228 
18,site_4 x site_6,0.044,0.217687947187 
19,site_2 x site_5,0.047,0.212821491016 
20,site_1 x site_4,0.049,0.208007861767 
21,site_3 x site_6,0.052,0.203502791918 
22,site_5 x site_7,0.054,0.199125077231 
23,site_0 x site_3,0.057,0.195029997860 
24,site_4 x site_7,0.059,0.190953567113 
25,site_2 x site_6,0.062,0.187015291673 
26,site_6 x site_8,0.064,0.183167438542 
27,site_1 x site_5,0.067,0.179336965302 
28,site_3 x site_7,0.069,0.175622815399 
29,site_5 x site_8,0.072,0.171978689854 
30,site_4 x site_8,0.074,0.168584479660 
31,site_7 x site_9,0.077,0.165205731319 
32,site_0 x site_4,0.079,0.161882787364 
33,site_2 x site_7,0.082,0.158639318516 
34,site_6 x site_9,0.084,0.155397790631 
35,site_3 x site_8,0.087,0.152306412784 
36,site_1 x site_6,0.089,0.149220235676 
37,site_5 x site_9,0.091,0.146147933876 
38,site_10 x site_8,0.094,0.143182138069 
39,site_10 x site_7,0.096,0.140309708297 
40,site_4 x site_9,0.099,0.137446224523 
41,site_10 x site_6,0.101,0.134688640982 
42,site_2 x site_8,0.104,0.131994932385 
43,site_0 x site_5,0.106,0.129315064160 
44,site_11 x site_9,0.109,0.126699090790 
45,site_10 x site_5,0.111,0.124086618597 
46,site_3 x site_9,0.114,0.121479468184 
47,site_11 x site_8,0.116,0.118929510194 
48,site_1 x site_7,0.119,0.116393533474 
49,site_11 x site_7,0.121,0.113923519722 
50,site_10 x site_4,0.124,0.111488252059 
51,site_11 x site_6,0.126,0.109115833875 
52,site_11 x site_12,0.129,0.106769474111 
53,site_10 x site_12,0.131,0.104463830450 
54,site_2 x site_9,0.133,0.102196008004 
55,site_12 x site_9,0.136,0.099936652869 
56,site_11 x site_5,0.138,0.097689867132 
57,site_10 x site_3,0.141,0.095474558579 
58,site_12 x site_8,0.143,0.093271257071 
59,site_0 x site_6,0.146,0.091082379523 
60,site_12 x site_7,0.148,0.088948599335 
61,site_1 x site_8,0.151,0.086844430557 
62,site_11 x site_4,0.153,0.084753469217 
63,site_12 x site_6,0.156,0.082703914925 
64,site_11 x site_13,0.158,0.080668638063 
65,site_10 x site_13,0.161,0.078665427784 
66,site_13 x site_9,0.163,0.076701732913 
67,site_12 x site_5,0.166,0.074761689050 
68,site_10 x site_2,0.168,0.072837118644 
69,site_13 x site_8,0.171,0.070922152112 
70,site_11 x site_3,0.173,0.069019572572 
71,site_13 x site_7,0.176,0.067165202838 
72,site_13 x site_14,0.178,0.065346388904 
73,site_0 x site_7,0.180,0.063532878134 
74,site_12 x site_4,0.183,0.061726233314 
75,site_12 x site_14,0.185,0.059928687872 
76,site_13 x site_6,0.188,0.058148474251 
77,site_11 x site_14,0.190,0.056374225675 
78,site_1 x site_9,0.193,0.054605945696 
79,site_10 x site_14,0.195,0.052859671646 
80,site_14 x site_9,0.198,0.051147980992 
81,site_13 x site_5,0.200,0.049462569743 
82,site_14 x site_8,0.203,0.047793472676 
83,site_11 x site_2,0.205,0.046142461624 
84,site_12 x site_3,0.208,0.044499718968 
85,site_14 x site_7,0.210,0.042882568172 
86,site_13 x site_15,0.213,0.041287535153 
87,site_12 x site_15,0.215,0.039709911100 
88,site_13 x site_4,0.218,0.038140255041 
89,site_11 x site_15,0.220,0.036583036212 
90,site_14 x site_6,0.222,0.035031093331 
91,site_10 x site_15,0.225,0.033498246525 
92,site_0 x site_8,0.227,0.031980349761 
93,site_15 x site_9,0.230,0.030477969859 
94,site_1 x site_10,0.232,0.028979733959 
95,site_14 x site_5,0.235,0.027510548556 
96,site_15 x site_8,0.237,0.026045273105 
97,site_13 x site_3,0.240,0.024619336935 
98,site_12 x site_2,0.242,0.023194351303 
99,site_15 x site_7,0.245,0.021775334412 
100,site_14 x site_4,0.247,0.020407957752 
101,site_15 x site_6,0.250,0.019045712861 
102,site_15 x site_5,0.252,0.017756514547 
103,site_0 x site_9,0.255,0.016468966959 
104,site_1 x site_11,0.257,0.015184044521 
105,site_14 x site_3,0.260,0.013941767185 
106,site_13 x site_2,0.262,0.012705567641 
107,site_15 x site_4,0.264,0.011506037136 
108,site_1 x site_12,0.267,0.010395813050 
109,site_0 x site_10,0.269,0.009294427275 
110,site_15 x site_3,0.272,0.008204612630 
111,site_14 x site_2,0.274,0.007128113620 
112,site_1 x site_13,0.277,0.006166245683 
113,site_0 x site_11,0.279,0.005215797503 
114,site_15 x site_2,0.282,0.004272384974 
115,site_1 x site_14,0.284,0.003437273398 
116,site_0 x site_12,0.287,0.002614826678 
117,site_1 x site_15,0.289,0.001882743836 
118,site_0 x site_13,0.292,0.001167031034 
119,site_0 x site_14,0.294,0.000544461217 
120,site_0 x site_15,0.297,0.000000000000 
