0,City x Priority,0.001,4.061,1.578,0.982,1.184 
1,Call Type x Original Priority,0.003,8.903,1.465,1.932,0.936 
2,Neighborhooods - Analysis Boundaries x Station Area,0.017,14.894,1.439,3.102,0.843 
3,Neighborhooods - Analysis Boundaries x Zipcode of Incident,0.027,27.665,1.419,9.887,0.790 
4,Neighborhooods - Analysis Boundaries x Supervisor District,0.030,44.427,1.408,13.879,0.740 
5,Battalion x Fire Prevention District,0.031,62.107,1.463,14.761,0.676 
6,Station Area x Zipcode of Incident,0.042,95.046,1.383,30.106,0.661 
7,Battalion x Station Area,0.046,137.733,1.376,39.899,0.647 
8,Fire Prevention District x Station Area,0.050,192.926,1.360,52.426,0.633 
9,Fire Prevention District x Neighborhooods - Analysis Boundaries,0.053,256.124,1.299,60.494,0.619 
10,Call Final Disposition x Call Type Group,0.054,320.155,1.266,61.368,0.419 
11,Battalion x Neighborhooods - Analysis Boundaries,0.057,392.920,1.260,70.124,0.406 
12,Fire Prevention District x Zipcode of Incident,0.060,473.384,1.242,77.845,0.391 
13,Station Area x Supervisor District,0.064,566.260,1.216,90.240,0.378 
14,Battalion x Zipcode of Incident,0.066,668.068,1.223,99.147,0.364 
15,Supervisor District x Zipcode of Incident,0.069,786.455,1.208,115.720,0.351 
16,Fire Prevention District x Supervisor District,0.070,914.293,1.154,125.183,0.338 
17,Battalion x Supervisor District,0.071,1054.556,1.214,137.185,0.326 
18,ALS Unit x Unit Type,0.071,1195.730,1.519,138.164,0.191 
19,Final Priority x Priority,0.071,1334.830,1.196,136.083,0.147 
20,Original Priority x Priority,0.072,1482.822,1.457,145.049,0.139 
21,Call Type x Call Type Group,0.073,1645.237,1.169,159.742,0.132 
22,Final Priority x Original Priority,0.073,1817.542,1.185,169.621,0.124 
23,Call Final Disposition x Call Type,0.077,2003.282,1.159,182.768,0.118 
24,Call Type Group x Priority,0.077,2196.904,1.397,190.734,0.112 
25,Call Type Group x Original Priority,0.078,2397.203,1.130,197.667,0.106 
26,Call Type Group x Final Priority,0.078,2605.887,1.127,206.058,0.101 
27,Call Type Group x Unit Type,0.078,2825.023,1.109,216.540,0.096 
28,Call Type x Unit Type,0.081,3052.889,1.097,224.969,0.092 
29,Call Final Disposition x Unit Type,0.082,3288.217,1.325,232.519,0.089 
30,Priority x Unit Type,0.082,3532.015,1.065,240.864,0.085 
31,Original Priority x Unit Type,0.083,3785.530,1.328,250.701,0.082 
32,Call Type x Priority,0.085,4048.382,1.042,259.947,0.078 
33,Call Final Disposition x Original Priority,0.086,4319.929,1.296,268.767,0.075 
34,Call Final Disposition x Priority,0.087,4600.574,1.017,277.828,0.072 
35,Final Priority x Unit Type,0.087,4890.520,1.225,287.243,0.068 
36,Call Final Disposition x Final Priority,0.087,5189.630,0.994,296.307,0.065 
37,ALS Unit x Call Type,0.088,5501.176,1.199,308.871,0.062 
38,Call Type x Final Priority,0.088,5822.939,0.972,318.970,0.060 
39,ALS Unit x Call Type Group,0.088,6153.247,1.173,327.658,0.057 
40,ALS Unit x Call Final Disposition,0.089,6494.222,0.947,338.291,0.054 
41,Call Type x Station Area,0.100,6846.669,1.094,349.883,0.053 
42,Call Type x Neighborhooods - Analysis Boundaries,0.110,7208.714,0.912,359.256,0.052 
43,Call Type x Zipcode of Incident,0.117,7583.374,1.147,372.056,0.051 
44,Call Final Disposition x Neighborhooods - Analysis Boundaries,0.122,7969.708,0.878,383.563,0.050 
45,Call Final Disposition x Station Area,0.127,8368.029,1.102,395.756,0.049 
46,ALS Unit x Original Priority,0.127,8775.791,0.857,405.084,0.048 
47,ALS Unit x Station Area,0.128,9192.595,1.024,414.323,0.047 
48,ALS Unit x Priority,0.128,9620.158,0.817,425.042,0.045 
49,Call Type Group x Neighborhooods - Analysis Boundaries,0.129,10059.429,0.952,436.868,0.044 
50,Call Type x Supervisor District,0.132,10509.417,0.794,447.410,0.043 
51,Station Area x Unit Type,0.136,10971.635,0.967,459.791,0.043 
52,Neighborhooods - Analysis Boundaries x Unit Type,0.139,11445.618,0.762,471.366,0.042 
53,Call Type x Fire Prevention District,0.142,11932.984,0.950,484.962,0.041 
54,Call Final Disposition x Zipcode of Incident,0.145,12431.483,0.730,495.982,0.040 
55,Call Type Group x Station Area,0.147,12943.275,0.878,509.464,0.039 
56,ALS Unit x Neighborhooods - Analysis Boundaries,0.147,13465.171,0.701,519.498,0.038 
57,ALS Unit x Zipcode of Incident,0.148,13999.627,0.803,532.209,0.037 
58,Battalion x Call Type,0.150,14546.315,0.658,544.253,0.036 
59,Unit Type x Zipcode of Incident,0.153,15104.100,0.805,555.545,0.035 
60,Call Final Disposition x Supervisor District,0.154,15675.029,0.621,568.453,0.035 
61,ALS Unit x Final Priority,0.154,16256.608,0.799,579.350,0.034 
62,Call Type Group x Zipcode of Incident,0.155,16851.330,0.613,592.263,0.033 
63,ALS Unit x Fire Prevention District,0.155,17458.465,0.762,604.935,0.032 
64,Supervisor District x Unit Type,0.156,18077.799,0.567,616.933,0.031 
65,ALS Unit x Battalion,0.156,18709.628,0.709,629.681,0.030 
66,Call Type Group x Supervisor District,0.157,19355.221,0.542,643.206,0.029 
67,Call Final Disposition x Fire Prevention District,0.158,20012.136,0.679,654.810,0.028 
68,Fire Prevention District x Unit Type,0.159,20681.000,0.514,666.581,0.027 
69,Battalion x Unit Type,0.160,21361.991,0.619,678.952,0.027 
70,Battalion x Call Final Disposition,0.161,22057.627,0.485,693.383,0.026 
71,ALS Unit x Supervisor District,0.161,22766.201,0.593,706.552,0.025 
72,Battalion x Call Type Group,0.162,23488.115,0.457,719.709,0.024 
73,Call Type Group x Fire Prevention District,0.162,24225.593,0.551,735.513,0.024 
74,Neighborhooods - Analysis Boundaries x Priority,0.165,24976.129,0.429,748.364,0.023 
75,Priority x Station Area,0.167,25740.195,0.509,762.146,0.023 
76,Neighborhooods - Analysis Boundaries x Original Priority,0.170,26517.008,0.400,774.599,0.023 
77,City x Station Area,0.173,27309.023,0.496,790.116,0.022 
78,City x Zipcode of Incident,0.175,28112.644,0.373,801.486,0.022 
79,City x Neighborhooods - Analysis Boundaries,0.178,28926.260,0.442,811.762,0.022 
80,Original Priority x Station Area,0.181,29754.505,0.338,826.258,0.022 
81,City x Fire Prevention District,0.182,30596.174,0.392,839.870,0.021 
82,Battalion x City,0.182,31447.816,0.305,849.610,0.021 
83,Final Priority x Station Area,0.183,32315.027,0.367,865.452,0.020 
84,Priority x Zipcode of Incident,0.185,33198.968,0.284,881.911,0.020 
85,Final Priority x Neighborhooods - Analysis Boundaries,0.185,34087.387,0.327,886.690,0.020 
86,Priority x Supervisor District,0.186,34989.784,0.247,900.344,0.019 
87,Original Priority x Zipcode of Incident,0.188,35905.526,0.302,914.029,0.019 
88,Original Priority x Supervisor District,0.189,36836.190,0.218,928.633,0.019 
89,Final Priority x Zipcode of Incident,0.189,37780.947,0.264,943.100,0.018 
90,Fire Prevention District x Priority,0.190,38738.943,0.182,956.053,0.018 
91,Final Priority x Supervisor District,0.190,39709.837,0.224,969.280,0.018 
92,City x Supervisor District,0.191,40693.262,0.166,981.524,0.018 
93,Battalion x Priority,0.191,41690.836,0.178,996.013,0.017 
94,Fire Prevention District x Original Priority,0.192,42704.524,0.134,1011.820,0.017 
95,Battalion x Original Priority,0.193,43729.907,0.158,1023.850,0.017 
96,Final Priority x Fire Prevention District,0.193,44772.131,0.110,1040.504,0.017 
97,Call Type x City,0.195,45823.690,0.115,1050.055,0.017 
98,Battalion x Final Priority,0.195,46888.731,0.086,1063.264,0.016 
99,Call Final Disposition x City,0.196,47965.578,0.081,1075.408,0.016 
100,City x Unit Type,0.197,49055.963,0.055,1088.610,0.016 
101,Call Type Group x City,0.197,50160.481,0.055,1103.104,0.016 
102,ALS Unit x City,0.197,51279.394,0.034,1117.170,0.016 
103,City x Original Priority,0.198,52413.243,0.029,1132.448,0.016 
104,City x Final Priority,0.198,53563.383,0.012,1148.341,0.016 
