0,City x Priority,0.001,4.137,1.661,0.976,1.184 
1,Call Type x Original Priority,0.003,8.942,1.447,1.909,0.936 
2,Neighborhooods - Analysis Boundaries x Station Area,0.017,14.894,1.432,3.069,0.843 
3,Neighborhooods - Analysis Boundaries x Zipcode of Incident,0.027,27.616,1.414,9.848,0.790 
4,Neighborhooods - Analysis Boundaries x Supervisor District,0.030,44.211,1.408,13.732,0.740 
5,Battalion x Fire Prevention District,0.031,61.709,1.466,14.606,0.676 
6,Station Area x Zipcode of Incident,0.042,94.941,1.383,30.404,0.661 
7,Battalion x Station Area,0.046,138.063,1.376,40.305,0.647 
8,Fire Prevention District x Station Area,0.050,192.696,1.351,51.885,0.633 
9,Fire Prevention District x Neighborhooods - Analysis Boundaries,0.053,256.320,1.289,60.923,0.619 
10,Call Final Disposition x Call Type Group,0.054,320.674,1.263,61.670,0.419 
11,Battalion x Neighborhooods - Analysis Boundaries,0.057,393.791,1.240,70.450,0.406 
12,Fire Prevention District x Zipcode of Incident,0.060,474.495,1.201,78.087,0.391 
13,Station Area x Supervisor District,0.064,566.804,1.162,89.701,0.378 
14,Battalion x Zipcode of Incident,0.066,667.561,1.198,98.143,0.364 
15,Supervisor District x Zipcode of Incident,0.069,785.001,1.206,114.836,0.351 
16,Fire Prevention District x Supervisor District,0.070,911.966,1.207,124.277,0.338 
17,Battalion x Supervisor District,0.071,1048.493,1.218,133.836,0.326 
18,ALS Unit x Unit Type,0.071,1185.967,1.187,134.796,0.191 
19,Final Priority x Priority,0.071,1322.189,1.192,133.529,0.147 
20,Original Priority x Priority,0.072,1466.933,1.188,142.069,0.139 
21,Call Type x Call Type Group,0.073,1626.818,1.167,157.219,0.132 
22,Final Priority x Original Priority,0.073,1797.038,1.170,167.545,0.124 
23,Call Final Disposition x Call Type,0.077,1979.866,1.158,179.860,0.117 
24,Call Type Group x Priority,0.077,2170.440,1.383,187.707,0.112 
25,Call Type Group x Original Priority,0.078,2368.578,1.125,195.212,0.106 
26,Call Type Group x Final Priority,0.078,2575.438,1.372,204.000,0.101 
27,Call Type Group x Unit Type,0.078,2793.032,1.103,214.688,0.096 
28,Call Type x Unit Type,0.081,3018.386,1.325,222.551,0.092 
29,Call Final Disposition x Unit Type,0.082,3252.279,1.080,230.951,0.088 
30,Priority x Unit Type,0.082,3494.434,1.335,239.339,0.085 
31,Original Priority x Unit Type,0.083,3746.165,1.053,248.824,0.082 
32,Call Type x Priority,0.085,4006.706,1.311,257.752,0.078 
33,Call Final Disposition x Original Priority,0.086,4277.758,1.027,268.204,0.075 
34,Call Final Disposition x Priority,0.087,4557.451,1.237,276.972,0.072 
35,Final Priority x Unit Type,0.087,4846.453,1.003,286.194,0.068 
36,Call Final Disposition x Final Priority,0.087,5144.486,1.206,295.356,0.065 
37,ALS Unit x Call Type,0.088,5455.384,0.977,308.108,0.062 
38,Call Type x Final Priority,0.088,5775.682,1.179,317.646,0.059 
39,ALS Unit x Call Type Group,0.088,6105.629,0.958,327.185,0.057 
40,ALS Unit x Call Final Disposition,0.089,6445.084,1.162,336.836,0.054 
41,Call Type x Station Area,0.100,6794.251,0.930,346.520,0.053 
42,Call Type x Neighborhooods - Analysis Boundaries,0.110,7154.737,1.071,357.951,0.052 
43,Call Type x Zipcode of Incident,0.117,7526.807,0.907,369.450,0.051 
44,Call Final Disposition x Neighborhooods - Analysis Boundaries,0.122,7910.246,1.025,380.954,0.050 
45,Call Final Disposition x Station Area,0.127,8304.817,0.858,391.925,0.049 
46,ALS Unit x Original Priority,0.127,8709.184,1.041,401.877,0.048 
47,ALS Unit x Station Area,0.128,9122.463,0.838,410.642,0.047 
48,ALS Unit x Priority,0.128,9545.416,0.999,420.492,0.045 
49,Call Type x Supervisor District,0.131,9980.905,0.800,432.978,0.044 
50,Call Type Group x Neighborhooods - Analysis Boundaries,0.132,10426.113,0.927,442.824,0.043 
51,Station Area x Unit Type,0.136,10884.103,0.774,455.422,0.042 
52,Neighborhooods - Analysis Boundaries x Unit Type,0.139,11351.823,0.931,465.344,0.042 
53,Call Final Disposition x Zipcode of Incident,0.142,11834.046,0.741,479.626,0.041 
54,Call Type x Fire Prevention District,0.145,12328.852,0.926,492.425,0.040 
55,Call Type Group x Station Area,0.147,12836.101,0.711,504.744,0.039 
56,ALS Unit x Neighborhooods - Analysis Boundaries,0.147,13353.964,0.848,515.568,0.038 
57,Battalion x Call Type,0.150,13886.373,0.678,529.949,0.037 
58,ALS Unit x Zipcode of Incident,0.150,14427.381,0.826,538.746,0.036 
59,Unit Type x Zipcode of Incident,0.153,14979.101,0.638,549.316,0.035 
60,Call Final Disposition x Supervisor District,0.154,15543.928,0.771,562.628,0.034 
61,Call Type Group x Zipcode of Incident,0.155,16121.742,0.621,575.358,0.033 
62,ALS Unit x Final Priority,0.155,16710.304,0.773,586.352,0.032 
63,ALS Unit x Fire Prevention District,0.155,17310.106,0.589,597.369,0.031 
64,Supervisor District x Unit Type,0.156,17923.372,0.731,611.110,0.030 
65,ALS Unit x Battalion,0.156,18546.682,0.569,620.908,0.030 
66,Call Type Group x Supervisor District,0.157,19183.721,0.693,634.924,0.029 
67,Call Final Disposition x Fire Prevention District,0.158,19831.577,0.536,645.498,0.028 
68,Fire Prevention District x Unit Type,0.159,20493.418,0.662,659.749,0.027 
69,Battalion x Unit Type,0.160,21171.512,0.493,675.842,0.026 
70,Battalion x Call Final Disposition,0.161,21863.162,0.600,689.637,0.026 
71,ALS Unit x Supervisor District,0.161,22565.557,0.469,700.160,0.025 
72,Battalion x Call Type Group,0.162,23278.020,0.567,710.479,0.024 
73,Call Type Group x Fire Prevention District,0.162,24003.836,0.442,723.618,0.023 
74,Neighborhooods - Analysis Boundaries x Priority,0.165,24746.051,0.540,740.262,0.023 
75,Priority x Station Area,0.167,25499.895,0.409,751.709,0.022 
76,Neighborhooods - Analysis Boundaries x Original Priority,0.170,26265.599,0.480,763.811,0.022 
77,City x Station Area,0.173,27048.156,0.382,780.354,0.022 
78,City x Neighborhooods - Analysis Boundaries,0.176,27837.880,0.460,787.829,0.022 
79,City x Zipcode of Incident,0.178,28641.295,0.346,801.305,0.021 
80,Original Priority x Station Area,0.181,29457.783,0.421,814.659,0.021 
81,City x Fire Prevention District,0.182,30285.476,0.324,825.632,0.021 
82,Final Priority x Neighborhooods - Analysis Boundaries,0.182,31126.686,0.384,839.423,0.020 
83,Priority x Zipcode of Incident,0.184,31980.750,0.288,852.052,0.020 
84,Final Priority x Station Area,0.185,32845.436,0.341,862.954,0.020 
85,Battalion x City,0.185,33725.063,0.268,877.556,0.019 
86,Priority x Supervisor District,0.186,34615.898,0.334,889.101,0.019 
87,Original Priority x Zipcode of Incident,0.188,35520.210,0.230,902.266,0.019 
88,Original Priority x Supervisor District,0.189,36439.005,0.280,917.140,0.018 
89,Final Priority x Zipcode of Incident,0.189,37371.140,0.208,930.194,0.018 
90,Fire Prevention District x Priority,0.190,38315.172,0.232,942.416,0.018 
91,Final Priority x Supervisor District,0.190,39275.645,0.167,958.589,0.018 
92,City x Supervisor District,0.191,40243.769,0.204,966.535,0.017 
93,Battalion x Priority,0.191,41226.511,0.148,980.868,0.017 
94,Fire Prevention District x Original Priority,0.192,42226.766,0.175,998.680,0.017 
95,Final Priority x Fire Prevention District,0.192,43237.606,0.121,1009.006,0.017 
96,Battalion x Original Priority,0.193,44267.203,0.131,1028.081,0.016 
97,Call Type x City,0.195,45307.160,0.095,1038.241,0.016 
98,Battalion x Final Priority,0.195,46361.771,0.103,1053.153,0.016 
99,Call Final Disposition x City,0.196,47425.519,0.069,1061.944,0.016 
100,City x Unit Type,0.197,48502.127,0.074,1075.137,0.016 
101,Call Type Group x City,0.197,49594.478,0.046,1090.583,0.016 
102,ALS Unit x City,0.197,50699.090,0.044,1103.182,0.016 
103,City x Original Priority,0.198,51821.432,0.021,1120.633,0.016 
104,City x Final Priority,0.198,52956.666,0.015,1133.849,0.016 
