0,None,0,1.739956236883 
1,revol_util x term,0.036,1.704512086094 
2,earliest_cr_line x settlement_status,0.037,1.654028910096 
3,settlement_amount x debt_settlement_flag,0.039,1.601620823183 
4,delinq_amnt x verification_status,0.041,1.558468789831 
5,debt_settlement_flag x settlement_date,0.043,1.520703430012 
6,debt_settlement_flag x debt_settlement_flag_date,0.045,1.481179713724 
7,settlement_percentage x debt_settlement_flag,0.047,1.440102060724 
8,pub_rec x settlement_term,0.048,1.365790387536 
9,collection_recovery_fee x pub_rec_bankruptcies,0.050,1.293010775506 
10,mths_since_last_record x pub_rec_bankruptcies,0.053,1.249000897732 
11,recoveries x loan_status,0.056,1.173950471583 
12,delinq_2yrs x total_rec_late_fee,0.068,1.077683806622 
13,loan_status x next_pymnt_d,0.072,1.026742576682 
14,revol_bal x home_ownership,0.076,0.943221222410 
15,inq_last_6mths x total_rec_int,0.096,0.854854297173 
16,grade x sub_grade,0.098,0.817356683883 
17,int_rate x sub_grade,0.125,0.787933657385 
18,loan_amnt x funded_amnt,0.201,0.732065210391 
19,open_acc x last_pymnt_d,0.229,0.639347305324 
20,total_pymnt x total_pymnt_inv,0.305,0.574209956678 
21,last_pymnt_amnt x purpose,0.316,0.496996923230 
22,funded_amnt x installment,0.393,0.464092818677 
23,funded_amnt x funded_amnt_inv,0.470,0.436589201624 
24,funded_amnt x total_rec_prncp,0.547,0.403394748003 
25,annual_inc x addr_state,0.585,0.321647054431 
26,delinq_2yrs x mths_since_last_delinq,0.600,0.274892517404 
27,total_pymnt x total_rec_prncp,0.678,0.265370157394 
28,open_acc x total_acc,0.725,0.225556195138 
29,issue_d x last_credit_pull_d,0.791,0.166763868441 
30,term x zip_code,0.806,0.131052840951 
31,int_rate x issue_d,0.853,0.130324109432 
32,total_pymnt x total_rec_int,0.931,0.126447986050 
33,zip_code x addr_state,1.320,0.124733358472 
34,dti x emp_length,1.329,0.094616747402 
35,installment x total_pymnt,16.816,0.092954194811 
36,installment x last_pymnt_amnt,16.894,0.089583408286 
37,installment x sub_grade,16.922,0.086971215452 
38,total_rec_int x term,17.078,0.085693268607 
39,verification_status x issue_d,17.079,0.085364682710 
40,funded_amnt_inv x verification_status,29.965,0.083115416963 
41,issue_d x last_pymnt_d,29.993,0.082299477355 
42,loan_status x last_credit_pull_d,29.998,0.081833310212 
