0,City x Priority,0.001,4.736,2.133,1.011,1.184 
1,Call Type x Original Priority,0.003,9.833,1.580,1.968,0.936 
2,Neighborhooods - Analysis Boundaries x Station Area,0.017,16.054,1.546,3.119,0.845 
3,Neighborhooods - Analysis Boundaries x Zipcode of Incident,0.027,29.737,1.512,10.117,0.793 
4,Neighborhooods - Analysis Boundaries x Supervisor District,0.030,47.317,1.969,14.057,0.743 
5,Battalion x Fire Prevention District,0.031,65.273,1.453,14.924,0.679 
6,Station Area x Zipcode of Incident,0.042,98.186,1.434,29.912,0.664 
7,Battalion x Station Area,0.046,141.213,1.399,40.071,0.650 
8,Fire Prevention District x Station Area,0.050,196.447,1.367,51.853,0.636 
9,Fire Prevention District x Neighborhooods - Analysis Boundaries,0.053,260.562,1.805,60.810,0.622 
10,Call Final Disposition x Call Type Group,0.054,325.586,1.276,61.752,0.423 
11,Battalion x Neighborhooods - Analysis Boundaries,0.057,400.492,1.679,71.801,0.410 
12,Fire Prevention District x Zipcode of Incident,0.060,482.722,1.196,79.597,0.396 
13,Station Area x Supervisor District,0.064,576.607,1.177,91.262,0.382 
14,Battalion x Zipcode of Incident,0.066,679.384,1.176,100.171,0.369 
15,Supervisor District x Zipcode of Incident,0.069,799.805,1.164,117.817,0.355 
16,Fire Prevention District x Supervisor District,0.070,928.879,1.145,126.516,0.343 
17,Battalion x Supervisor District,0.071,1067.282,1.118,135.855,0.330 
18,ALS Unit x Unit Type,0.071,1206.485,1.138,136.626,0.196 
19,Final Priority x Priority,0.071,1344.471,1.153,135.390,0.152 
20,Original Priority x Priority,0.072,1490.905,1.147,143.884,0.144 
21,Call Type x Call Type Group,0.073,1651.752,1.130,158.329,0.136 
22,Final Priority x Original Priority,0.073,1824.543,1.111,170.259,0.128 
23,Call Final Disposition x Call Type,0.077,2009.595,1.096,182.097,0.122 
24,Call Type Group x Priority,0.077,2202.988,1.464,190.494,0.116 
25,Call Type Group x Original Priority,0.078,2404.448,1.090,198.463,0.110 
26,Call Type Group x Final Priority,0.078,2614.585,1.387,207.363,0.105 
27,Call Type Group x Unit Type,0.078,2835.598,1.053,218.569,0.101 
28,Call Type x Unit Type,0.081,3063.389,1.010,225.395,0.097 
29,Call Final Disposition x Unit Type,0.082,3299.746,1.002,233.970,0.093 
30,Priority x Unit Type,0.082,3544.632,0.988,242.105,0.090 
31,Original Priority x Unit Type,0.083,3798.783,1.271,251.496,0.086 
32,Call Final Disposition x Original Priority,0.084,4062.034,0.962,260.448,0.083 
33,Call Type x Priority,0.086,4334.527,1.240,269.887,0.080 
34,Call Final Disposition x Priority,0.087,4616.019,0.932,278.760,0.077 
35,Final Priority x Unit Type,0.087,4906.501,1.237,287.860,0.073 
36,Call Final Disposition x Final Priority,0.087,5206.162,0.941,296.906,0.070 
37,ALS Unit x Call Type,0.088,5518.693,1.171,309.991,0.067 
38,Call Type x Final Priority,0.088,5841.487,0.895,320.068,0.065 
39,ALS Unit x Call Type Group,0.088,6173.396,1.150,329.343,0.062 
40,ALS Unit x Call Final Disposition,0.089,6514.541,0.881,338.473,0.059 
41,Call Type x Station Area,0.100,6867.507,1.138,350.457,0.058 
42,Call Type x Neighborhooods - Analysis Boundaries,0.110,7230.818,0.846,360.684,0.058 
43,Call Type x Zipcode of Incident,0.117,7604.127,1.082,370.828,0.057 
44,Call Final Disposition x Neighborhooods - Analysis Boundaries,0.122,7988.116,0.823,381.404,0.056 
45,Call Final Disposition x Station Area,0.127,8384.093,1.038,393.574,0.056 
46,ALS Unit x Original Priority,0.127,8789.231,0.784,402.992,0.055 
47,ALS Unit x Station Area,0.128,9203.661,0.779,412.291,0.054 
48,ALS Unit x Priority,0.128,9631.287,0.756,425.513,0.052 
49,Call Type x Supervisor District,0.131,10070.364,0.748,436.581,0.052 
50,Call Type Group x Neighborhooods - Analysis Boundaries,0.132,10520.937,0.942,448.279,0.051 
51,Station Area x Unit Type,0.136,10983.843,0.720,460.434,0.050 
52,Call Final Disposition x Zipcode of Incident,0.139,11457.408,0.904,471.300,0.050 
53,Neighborhooods - Analysis Boundaries x Unit Type,0.142,11943.067,0.687,483.144,0.049 
54,Call Type x Fire Prevention District,0.145,12441.252,0.864,495.918,0.049 
55,Call Type Group x Station Area,0.147,12953.302,0.660,509.588,0.048 
56,ALS Unit x Zipcode of Incident,0.147,13476.182,0.884,520.609,0.047 
57,Battalion x Call Type,0.150,14009.853,0.653,531.260,0.046 
58,ALS Unit x Neighborhooods - Analysis Boundaries,0.150,14558.046,0.800,546.043,0.045 
59,Unit Type x Zipcode of Incident,0.153,15117.020,0.606,556.621,0.044 
60,Call Final Disposition x Supervisor District,0.154,15690.174,0.755,571.052,0.044 
61,Call Type Group x Zipcode of Incident,0.155,16274.848,0.572,582.347,0.043 
62,ALS Unit x Final Priority,0.155,16872.362,0.722,595.451,0.042 
63,Supervisor District x Unit Type,0.156,17480.761,0.544,606.108,0.041 
64,ALS Unit x Fire Prevention District,0.156,18102.266,0.692,619.476,0.040 
65,ALS Unit x Battalion,0.156,18734.830,0.520,630.311,0.039 
66,Call Type Group x Supervisor District,0.157,19381.226,0.658,644.397,0.038 
67,Call Final Disposition x Fire Prevention District,0.158,20038.362,0.494,654.906,0.038 
68,Fire Prevention District x Unit Type,0.159,20708.723,0.631,668.373,0.037 
69,Battalion x Call Final Disposition,0.160,21394.122,0.464,683.200,0.036 
70,Battalion x Unit Type,0.161,22093.141,0.590,697.081,0.036 
71,ALS Unit x Supervisor District,0.161,22806.290,0.437,710.968,0.035 
72,Battalion x Call Type Group,0.162,23529.338,0.558,721.159,0.034 
73,Call Type Group x Fire Prevention District,0.162,24269.546,0.411,738.076,0.033 
74,Neighborhooods - Analysis Boundaries x Priority,0.165,25020.365,0.515,748.979,0.033 
75,Neighborhooods - Analysis Boundaries x Original Priority,0.167,25782.982,0.385,760.514,0.033 
76,Priority x Station Area,0.170,26555.773,0.480,770.980,0.033 
77,City x Station Area,0.173,27344.993,0.351,787.162,0.033 
78,City x Zipcode of Incident,0.175,28145.578,0.437,798.831,0.033 
79,City x Neighborhooods - Analysis Boundaries,0.178,28954.799,0.325,807.184,0.033 
80,Original Priority x Station Area,0.181,29780.997,0.408,824.468,0.032 
81,City x Fire Prevention District,0.182,30617.528,0.297,834.521,0.032 
82,Final Priority x Neighborhooods - Analysis Boundaries,0.182,31465.044,0.373,845.833,0.032 
83,Battalion x City,0.183,32325.323,0.267,858.282,0.031 
84,Final Priority x Station Area,0.184,33199.204,0.370,872.177,0.031 
85,Priority x Zipcode of Incident,0.185,34084.331,0.247,883.170,0.031 
86,Priority x Supervisor District,0.186,34984.045,0.300,898.101,0.031 
87,Original Priority x Zipcode of Incident,0.188,35896.530,0.217,910.471,0.030 
88,Original Priority x Supervisor District,0.189,36823.248,0.266,925.141,0.030 
89,City x Supervisor District,0.189,37763.154,0.188,938.006,0.030 
90,Fire Prevention District x Priority,0.190,38714.498,0.234,949.807,0.030 
91,Final Priority x Supervisor District,0.190,39681.630,0.163,965.272,0.029 
92,Final Priority x Zipcode of Incident,0.191,40661.265,0.201,978.135,0.029 
93,Battalion x Priority,0.191,41658.185,0.136,995.079,0.029 
94,Fire Prevention District x Original Priority,0.192,42668.025,0.167,1008.385,0.029 
95,Call Type x City,0.194,43691.102,0.109,1021.269,0.029 
96,Battalion x Original Priority,0.195,44728.224,0.148,1035.666,0.029 
97,Final Priority x Fire Prevention District,0.195,45780.573,0.091,1050.560,0.028 
98,Battalion x Final Priority,0.195,46845.740,0.106,1063.768,0.028 
99,Call Final Disposition x City,0.196,47924.188,0.062,1076.699,0.028 
100,City x Unit Type,0.197,49019.455,0.074,1093.905,0.028 
101,Call Type Group x City,0.197,50125.996,0.040,1104.809,0.028 
102,City x Original Priority,0.198,51250.174,0.040,1122.855,0.028 
103,ALS Unit x City,0.198,52386.840,0.020,1134.975,0.028 
104,City x Final Priority,0.198,53537.889,0.014,1149.751,0.028 
