0,City x Priority,0.001,4.700,2.120,0.993,1.183 
1,Call Type x Original Priority,0.003,9.731,1.540,1.945,0.936 
2,Neighborhooods - Analysis Boundaries x Station Area,0.017,15.908,1.556,3.073,0.843 
3,Neighborhooods - Analysis Boundaries x Zipcode of Incident,0.027,29.412,1.507,9.961,0.789 
4,Neighborhooods - Analysis Boundaries x Supervisor District,0.030,46.709,1.965,13.803,0.739 
5,Battalion x Fire Prevention District,0.031,64.417,1.479,14.700,0.675 
6,Station Area x Zipcode of Incident,0.042,97.026,1.466,29.646,0.660 
7,Battalion x Station Area,0.046,139.475,1.444,39.561,0.646 
8,Fire Prevention District x Station Area,0.050,194.348,1.421,51.560,0.631 
9,Fire Prevention District x Neighborhooods - Analysis Boundaries,0.053,257.429,1.819,59.860,0.617 
10,Call Final Disposition x Call Type Group,0.054,321.303,1.253,60.728,0.418 
11,Battalion x Neighborhooods - Analysis Boundaries,0.057,393.311,1.672,68.924,0.404 
12,Fire Prevention District x Zipcode of Incident,0.060,473.400,1.184,77.495,0.390 
13,Station Area x Supervisor District,0.064,566.093,1.168,90.151,0.376 
14,Battalion x Zipcode of Incident,0.066,667.482,1.196,98.795,0.363 
15,Supervisor District x Zipcode of Incident,0.069,786.227,1.204,116.109,0.349 
16,Fire Prevention District x Supervisor District,0.070,912.737,1.151,123.931,0.336 
17,Battalion x Supervisor District,0.071,1049.282,1.151,134.004,0.324 
18,ALS Unit x Unit Type,0.071,1187.046,1.142,135.239,0.189 
19,Final Priority x Priority,0.071,1322.586,1.144,133.008,0.146 
20,Original Priority x Priority,0.072,1466.269,1.112,141.190,0.137 
21,Call Type x Call Type Group,0.073,1623.716,1.082,154.985,0.130 
22,Final Priority x Original Priority,0.073,1791.713,1.064,165.558,0.122 
23,Call Final Disposition x Call Type,0.077,1972.519,1.055,177.971,0.116 
24,Call Type Group x Priority,0.077,2161.770,1.357,186.517,0.110 
25,Call Type Group x Original Priority,0.078,2358.998,1.037,194.365,0.104 
26,Call Type Group x Final Priority,0.078,2564.863,1.335,203.153,0.099 
27,Call Type Group x Unit Type,0.078,2781.338,1.016,213.553,0.094 
28,Call Type x Unit Type,0.081,3005.733,1.345,221.680,0.090 
29,Call Final Disposition x Unit Type,0.082,3238.514,0.993,229.991,0.087 
30,Priority x Unit Type,0.082,3479.368,1.271,238.207,0.083 
31,Original Priority x Unit Type,0.083,3729.738,0.965,247.624,0.080 
32,Call Final Disposition x Original Priority,0.084,3988.465,1.239,256.123,0.076 
33,Call Type x Priority,0.086,4257.565,0.942,266.392,0.073 
34,Call Final Disposition x Priority,0.087,4534.855,1.213,274.712,0.070 
35,Final Priority x Unit Type,0.087,4821.398,0.919,284.265,0.066 
36,Call Final Disposition x Final Priority,0.087,5117.096,0.920,293.385,0.063 
37,ALS Unit x Call Type,0.088,5424.102,0.899,304.744,0.061 
38,Call Type x Final Priority,0.088,5740.332,0.887,313.570,0.058 
39,ALS Unit x Call Type Group,0.088,6069.698,1.140,326.860,0.055 
40,ALS Unit x Call Final Disposition,0.089,6406.154,0.867,333.777,0.052 
41,Call Type x Station Area,0.100,6753.424,1.115,344.792,0.051 
42,Call Type x Neighborhooods - Analysis Boundaries,0.110,7112.509,0.845,356.485,0.049 
43,Call Type x Zipcode of Incident,0.117,7483.604,1.094,368.639,0.048 
44,Call Final Disposition x Neighborhooods - Analysis Boundaries,0.122,7865.811,0.814,379.616,0.047 
45,Call Final Disposition x Station Area,0.127,8260.061,1.037,391.856,0.046 
46,ALS Unit x Original Priority,0.127,8663.069,0.780,400.446,0.045 
47,ALS Unit x Station Area,0.128,9076.107,1.005,410.677,0.044 
48,ALS Unit x Priority,0.128,9499.227,0.754,420.611,0.042 
49,Call Type Group x Neighborhooods - Analysis Boundaries,0.129,9934.621,0.961,433.085,0.041 
50,Call Type x Supervisor District,0.132,10382.524,0.731,445.431,0.040 
51,Station Area x Unit Type,0.136,10841.153,0.923,456.361,0.039 
52,Neighborhooods - Analysis Boundaries x Unit Type,0.139,11311.045,0.699,467.451,0.038 
53,Call Final Disposition x Zipcode of Incident,0.142,11792.836,0.880,479.565,0.037 
54,Call Type x Fire Prevention District,0.145,12287.369,0.665,492.127,0.036 
55,Call Type Group x Station Area,0.147,12794.698,0.846,505.144,0.035 
56,ALS Unit x Neighborhooods - Analysis Boundaries,0.147,13312.289,0.642,515.202,0.034 
57,ALS Unit x Zipcode of Incident,0.148,13842.339,0.819,527.889,0.033 
58,Battalion x Call Type,0.150,14385.568,0.629,540.845,0.032 
59,Unit Type x Zipcode of Incident,0.153,14940.731,0.817,553.010,0.031 
60,Call Final Disposition x Supervisor District,0.154,15508.545,0.578,565.478,0.030 
61,ALS Unit x Final Priority,0.154,16087.984,0.751,577.347,0.029 
62,Call Type Group x Zipcode of Incident,0.155,16679.557,0.562,589.268,0.028 
63,ALS Unit x Fire Prevention District,0.155,17284.324,0.709,602.722,0.027 
64,Supervisor District x Unit Type,0.156,17900.470,0.529,613.887,0.026 
65,ALS Unit x Battalion,0.156,18527.943,0.666,625.472,0.025 
66,Call Type Group x Supervisor District,0.157,19167.681,0.504,637.501,0.024 
67,Call Final Disposition x Fire Prevention District,0.158,19819.958,0.634,650.317,0.024 
68,Fire Prevention District x Unit Type,0.159,20484.846,0.478,662.697,0.023 
69,Battalion x Unit Type,0.160,21163.177,0.602,676.398,0.022 
70,Battalion x Call Final Disposition,0.161,21856.040,0.450,690.683,0.021 
71,ALS Unit x Supervisor District,0.161,22560.293,0.573,702.306,0.020 
72,Battalion x Call Type Group,0.162,23279.651,0.439,717.194,0.019 
73,Call Type Group x Fire Prevention District,0.162,24011.784,0.533,730.282,0.019 
74,Neighborhooods - Analysis Boundaries x Priority,0.165,24755.469,0.396,741.566,0.018 
75,Priority x Station Area,0.167,25514.934,0.525,757.632,0.018 
76,Neighborhooods - Analysis Boundaries x Original Priority,0.170,26300.372,0.364,783.361,0.017 
77,City x Station Area,0.173,27082.803,0.457,780.665,0.017 
78,City x Zipcode of Incident,0.175,27877.680,0.334,792.835,0.017 
79,City x Neighborhooods - Analysis Boundaries,0.178,28683.362,0.423,803.948,0.016 
80,Original Priority x Station Area,0.181,29502.702,0.307,817.332,0.016 
81,City x Fire Prevention District,0.182,30335.266,0.383,830.869,0.016 
82,Final Priority x Neighborhooods - Analysis Boundaries,0.182,31180.834,0.282,843.586,0.015 
83,Final Priority x Station Area,0.183,32039.311,0.350,856.826,0.015 
84,Priority x Zipcode of Incident,0.185,32914.383,0.251,873.137,0.014 
85,Battalion x City,0.185,33797.990,0.309,881.972,0.014 
86,Priority x Supervisor District,0.186,34696.908,0.226,897.004,0.014 
87,Original Priority x Zipcode of Incident,0.188,35609.237,0.280,910.749,0.013 
88,Original Priority x Supervisor District,0.189,36537.837,0.200,926.717,0.013 
89,Final Priority x Zipcode of Incident,0.189,37477.017,0.245,937.635,0.013 
90,Final Priority x Supervisor District,0.189,38429.930,0.171,951.042,0.012 
91,Fire Prevention District x Priority,0.190,39396.136,0.214,964.701,0.012 
92,City x Supervisor District,0.191,40370.440,0.146,972.454,0.012 
93,Battalion x Priority,0.191,41363.136,0.183,991.217,0.012 
94,Fire Prevention District x Original Priority,0.192,42371.445,0.123,1006.486,0.011 
95,Final Priority x Fire Prevention District,0.192,43392.229,0.148,1019.344,0.011 
96,Battalion x Original Priority,0.193,44428.640,0.097,1034.625,0.011 
97,Battalion x Final Priority,0.193,45481.342,0.119,1051.262,0.011 
98,Call Type x City,0.195,46545.704,0.071,1062.600,0.011 
99,Call Final Disposition x City,0.196,47619.896,0.091,1072.801,0.011 
100,City x Unit Type,0.197,48708.516,0.051,1086.878,0.010 
101,Call Type Group x City,0.197,49806.805,0.055,1096.952,0.010 
102,ALS Unit x City,0.197,50921.312,0.029,1112.802,0.010 
103,City x Original Priority,0.198,52048.762,0.027,1126.150,0.010 
104,City x Final Priority,0.198,53194.346,0.010,1143.895,0.010 
