0,City x Priority,0.001,4.726,2.128,0.999,1.184 
1,Call Type x Original Priority,0.003,9.813,1.585,1.954,0.936 
2,Neighborhooods - Analysis Boundaries x Station Area,0.017,16.016,1.550,3.106,0.845 
3,Neighborhooods - Analysis Boundaries x Zipcode of Incident,0.027,29.659,1.514,10.076,0.793 
4,Neighborhooods - Analysis Boundaries x Supervisor District,0.030,47.175,1.970,13.996,0.742 
5,Battalion x Fire Prevention District,0.031,65.045,1.460,14.844,0.678 
6,Station Area x Zipcode of Incident,0.042,98.048,1.450,29.992,0.663 
7,Battalion x Station Area,0.046,141.223,1.407,40.221,0.649 
8,Fire Prevention District x Station Area,0.050,196.571,1.365,51.969,0.635 
9,Fire Prevention District x Neighborhooods - Analysis Boundaries,0.053,260.807,1.800,60.931,0.621 
10,Call Final Disposition x Call Type Group,0.054,325.890,1.256,61.842,0.423 
11,Fire Prevention District x Zipcode of Incident,0.056,398.924,1.655,69.945,0.408 
12,Battalion x Neighborhooods - Analysis Boundaries,0.060,481.338,1.236,79.780,0.395 
13,Station Area x Supervisor District,0.064,575.507,1.229,91.552,0.381 
14,Battalion x Zipcode of Incident,0.066,678.393,1.214,100.289,0.368 
15,Supervisor District x Zipcode of Incident,0.069,798.539,1.187,117.573,0.354 
16,Fire Prevention District x Supervisor District,0.070,926.948,1.178,125.813,0.342 
17,Battalion x Supervisor District,0.071,1066.912,1.137,137.407,0.329 
18,ALS Unit x Unit Type,0.071,1207.728,1.142,138.229,0.195 
19,Final Priority x Priority,0.071,1345.735,1.150,135.409,0.151 
20,Original Priority x Priority,0.072,1492.270,1.130,143.969,0.143 
21,Call Type x Call Type Group,0.073,1653.510,1.082,158.736,0.135 
22,Final Priority x Original Priority,0.073,1826.345,1.102,170.313,0.128 
23,Call Final Disposition x Call Type,0.077,2010.566,1.078,181.232,0.121 
24,Call Type Group x Priority,0.077,2203.224,1.452,189.765,0.116 
25,Call Type Group x Original Priority,0.078,2403.538,1.079,197.385,0.110 
26,Call Type Group x Final Priority,0.078,2611.864,1.426,205.522,0.105 
27,Call Type Group x Unit Type,0.078,2830.823,1.014,216.137,0.100 
28,Call Type x Unit Type,0.081,3057.911,1.317,224.384,0.096 
29,Call Final Disposition x Unit Type,0.082,3292.897,1.001,232.195,0.093 
30,Priority x Unit Type,0.082,3536.907,1.286,241.335,0.089 
31,Original Priority x Unit Type,0.083,3790.230,0.985,250.463,0.086 
32,Call Type x Priority,0.085,4052.279,1.245,259.373,0.083 
33,Call Final Disposition x Original Priority,0.086,4324.308,0.986,269.184,0.080 
34,Call Final Disposition x Priority,0.087,4606.245,1.290,279.231,0.076 
35,Final Priority x Unit Type,0.087,4897.844,0.964,288.792,0.073 
36,Call Final Disposition x Final Priority,0.087,5197.630,1.258,297.154,0.070 
37,ALS Unit x Call Type,0.088,5509.296,0.907,308.978,0.067 
38,Call Type x Final Priority,0.088,5830.669,1.155,318.850,0.064 
39,ALS Unit x Call Type Group,0.088,6160.862,0.880,327.525,0.061 
40,ALS Unit x Call Final Disposition,0.089,6500.296,1.133,336.924,0.059 
41,Call Type x Station Area,0.100,6851.167,0.877,348.220,0.058 
42,Call Type x Neighborhooods - Analysis Boundaries,0.110,7213.833,1.091,360.202,0.057 
43,Call Type x Zipcode of Incident,0.117,7589.699,0.846,373.242,0.057 
44,Call Final Disposition x Neighborhooods - Analysis Boundaries,0.122,7974.503,1.058,382.381,0.056 
45,Call Final Disposition x Station Area,0.127,8371.564,0.802,394.502,0.056 
46,ALS Unit x Original Priority,0.127,8776.971,1.013,402.999,0.055 
47,ALS Unit x Station Area,0.128,9193.166,0.777,413.656,0.054 
48,Call Type Group x Neighborhooods - Analysis Boundaries,0.129,9620.877,0.990,425.370,0.053 
49,ALS Unit x Priority,0.129,10057.240,0.740,433.854,0.051 
50,Call Type x Supervisor District,0.132,10505.946,0.951,446.394,0.051 
51,Station Area x Unit Type,0.136,10966.378,0.718,457.951,0.050 
52,Call Final Disposition x Zipcode of Incident,0.139,11437.292,0.913,468.642,0.050 
53,Neighborhooods - Analysis Boundaries x Unit Type,0.142,11919.564,0.687,479.827,0.049 
54,Call Type x Fire Prevention District,0.145,12414.812,0.873,493.020,0.048 
55,Call Type Group x Station Area,0.147,12923.943,0.661,506.713,0.048 
56,Battalion x Call Type,0.149,13446.102,0.834,519.968,0.047 
57,ALS Unit x Neighborhooods - Analysis Boundaries,0.150,13980.459,0.651,531.916,0.046 
58,ALS Unit x Zipcode of Incident,0.150,14525.472,0.817,542.847,0.045 
59,Unit Type x Zipcode of Incident,0.153,15081.709,0.599,553.888,0.044 
60,Call Final Disposition x Supervisor District,0.154,15651.858,0.761,568.032,0.044 
61,Call Type Group x Zipcode of Incident,0.155,16235.204,0.586,581.000,0.043 
62,ALS Unit x Final Priority,0.155,16829.945,0.727,592.655,0.042 
63,ALS Unit x Fire Prevention District,0.155,17437.110,0.550,604.872,0.041 
64,Supervisor District x Unit Type,0.156,18055.782,0.695,616.641,0.040 
65,ALS Unit x Battalion,0.156,18687.135,0.517,629.078,0.039 
66,Call Type Group x Supervisor District,0.157,19330.292,0.662,641.158,0.038 
67,Call Final Disposition x Fire Prevention District,0.158,19986.834,0.495,654.311,0.037 
68,Fire Prevention District x Unit Type,0.159,20655.438,0.620,666.628,0.037 
69,Battalion x Call Final Disposition,0.160,21337.030,0.464,679.393,0.036 
70,Battalion x Unit Type,0.161,22032.142,0.585,693.192,0.036 
71,ALS Unit x Supervisor District,0.161,22742.741,0.439,708.437,0.035 
72,Battalion x Call Type Group,0.162,23465.937,0.551,721.318,0.034 
73,Call Type Group x Fire Prevention District,0.162,24201.739,0.411,733.680,0.033 
74,Neighborhooods - Analysis Boundaries x Priority,0.165,24953.779,0.510,750.179,0.033 
75,Priority x Station Area,0.167,25719.238,0.382,763.355,0.033 
76,Neighborhooods - Analysis Boundaries x Original Priority,0.170,26495.222,0.477,774.174,0.033 
77,City x Station Area,0.173,27286.203,0.353,788.919,0.033 
78,City x Neighborhooods - Analysis Boundaries,0.176,28088.081,0.440,800.122,0.033 
79,City x Zipcode of Incident,0.178,28901.899,0.324,811.784,0.032 
80,Original Priority x Station Area,0.181,29730.410,0.405,826.770,0.032 
81,City x Fire Prevention District,0.182,30571.804,0.297,839.393,0.032 
82,Battalion x City,0.182,31423.299,0.373,849.812,0.031 
83,Final Priority x Neighborhooods - Analysis Boundaries,0.183,32288.063,0.269,862.788,0.031 
84,Final Priority x Station Area,0.184,33166.211,0.342,876.467,0.031 
85,Priority x Zipcode of Incident,0.185,34058.415,0.241,890.256,0.031 
86,Priority x Supervisor District,0.186,34964.949,0.300,904.930,0.030 
87,Original Priority x Zipcode of Incident,0.188,35885.774,0.213,918.908,0.030 
88,Original Priority x Supervisor District,0.189,36821.488,0.263,934.137,0.030 
89,Fire Prevention District x Priority,0.189,37775.003,0.186,951.622,0.030 
90,Final Priority x Zipcode of Incident,0.190,38742.836,0.237,966.299,0.029 
91,Final Priority x Supervisor District,0.190,39725.834,0.158,981.137,0.029 
92,City x Supervisor District,0.191,40720.530,0.198,993.173,0.029 
93,Battalion x Priority,0.191,41730.992,0.135,1008.625,0.029 
94,Fire Prevention District x Original Priority,0.192,42756.152,0.165,1023.696,0.029 
95,Call Type x City,0.194,43794.779,0.110,1036.825,0.028 
96,Battalion x Original Priority,0.195,44848.523,0.134,1052.320,0.028 
97,Final Priority x Fire Prevention District,0.195,45919.850,0.087,1069.541,0.028 
98,Battalion x Final Priority,0.195,47005.053,0.106,1083.806,0.028 
99,Call Final Disposition x City,0.196,48100.570,0.062,1093.769,0.028 
100,City x Unit Type,0.197,49210.876,0.071,1108.944,0.028 
101,Call Type Group x City,0.197,50337.885,0.040,1125.277,0.028 
102,City x Original Priority,0.198,51473.025,0.041,1133.789,0.028 
103,ALS Unit x City,0.198,52627.987,0.020,1153.257,0.027 
104,City x Final Priority,0.198,53794.427,0.014,1165.124,0.027 
