0,None,0,1.739956236883 
1,revol_util x term,0.003,1.704511238115 
2,earliest_cr_line x settlement_status,0.005,1.654027751586 
3,settlement_amount x debt_settlement_flag,0.007,1.601618422758 
4,delinq_amnt x verification_status,0.010,1.558462788278 
5,debt_settlement_flag x settlement_date,0.014,1.520700388633 
6,debt_settlement_flag x debt_settlement_flag_date,0.017,1.481192793548 
7,settlement_percentage x debt_settlement_flag,0.019,1.440143235367 
8,pub_rec x settlement_term,0.021,1.365820817915 
9,collection_recovery_fee x pub_rec_bankruptcies,0.024,1.293046216159 
10,mths_since_last_record x pub_rec_bankruptcies,0.028,1.249027279272 
11,recoveries x loan_status,0.031,1.173973921216 
12,delinq_2yrs x total_rec_late_fee,0.044,1.077709407819 
13,loan_status x next_pymnt_d,0.049,1.026759800357 
14,revol_bal x home_ownership,0.054,0.943256517880 
15,inq_last_6mths x total_rec_int,0.075,0.854865038270 
16,grade x sub_grade,0.077,0.817392993942 
17,int_rate x sub_grade,0.104,0.789167720491 
18,loan_amnt x funded_amnt,0.182,0.733319904143 
19,open_acc x last_pymnt_d,0.211,0.640586930319 
20,total_pymnt x total_pymnt_inv,0.289,0.575422142343 
21,last_pymnt_amnt x purpose,0.301,0.498243036401 
22,funded_amnt x installment,0.378,0.466609787300 
23,funded_amnt x funded_amnt_inv,0.456,0.441664106126 
24,funded_amnt x total_rec_prncp,0.534,0.412260391718 
25,annual_inc x addr_state,0.573,0.330480253542 
26,loan_amnt x funded_amnt_inv,0.651,0.329011123709 
27,delinq_2yrs x mths_since_last_delinq,0.667,0.282279501772 
28,loan_amnt x total_rec_prncp,0.745,0.280842931341 
29,int_rate x grade,0.751,0.279617581254 
30,total_pymnt x total_rec_prncp,0.829,0.278227045096 
31,loan_amnt x installment,0.907,0.276870391229 
32,funded_amnt_inv x total_rec_prncp,0.984,0.275555254910 
33,funded_amnt_inv x total_pymnt_inv,1.062,0.274263546252 
34,open_acc x total_acc,1.110,0.234411557563 
35,funded_amnt x total_pymnt,1.188,0.233141172851 
36,funded_amnt_inv x installment,1.266,0.231882288380 
37,total_pymnt_inv x total_rec_prncp,1.344,0.230624127718 
38,loan_amnt x total_pymnt,1.421,0.229397483526 
39,installment x total_pymnt,1.499,0.228175649353 
40,installment x total_rec_prncp,1.577,0.226960746572 
41,issue_d x last_credit_pull_d,1.644,0.168214398190 
42,funded_amnt_inv x total_pymnt,1.722,0.167036985365 
43,funded_amnt x total_pymnt_inv,1.800,0.165875845342 
44,loan_amnt x total_pymnt_inv,1.878,0.164747474080 
45,term x zip_code,1.901,0.129032326342 
46,installment x total_pymnt_inv,1.979,0.127928873131 
47,int_rate x issue_d,2.026,0.127161408472 
48,total_pymnt x total_rec_int,2.104,0.126310501728 
49,zip_code x addr_state,2.493,0.124653864012 
50,dti x emp_length,2.502,0.094560409681 
51,total_pymnt_inv x total_rec_int,2.580,0.093786370787 
52,funded_amnt x total_rec_int,2.658,0.093021779769 
53,loan_amnt x total_rec_int,2.736,0.092266693769 
54,installment x total_rec_int,2.814,0.091531834309 
55,funded_amnt_inv x total_rec_int,2.891,0.090821285737 
56,total_rec_prncp x total_rec_int,2.969,0.090119838841 
57,installment x last_pymnt_amnt,3.047,0.089520612957 
58,funded_amnt x last_pymnt_amnt,3.125,0.088932697425 
59,loan_amnt x last_pymnt_amnt,3.203,0.088355140738 
60,total_rec_prncp x last_pymnt_amnt,3.281,0.087782204984 
61,funded_amnt_inv x last_pymnt_amnt,3.358,0.087227811455 
62,installment x sub_grade,3.386,0.086817500157 
63,total_pymnt x last_pymnt_amnt,3.464,0.086278527627 
64,total_rec_int x term,3.466,0.085945999358 
65,total_rec_int x grade,3.472,0.085604298813 
66,int_rate x installment,3.550,0.085073123482 
67,installment x grade,3.556,0.084739165295 
68,total_rec_int x sub_grade,3.584,0.084364844532 
69,total_pymnt_inv x last_pymnt_amnt,3.662,0.083854820329 
70,verification_status x issue_d,3.664,0.083555302869 
71,funded_amnt_inv x verification_status,3.667,0.083254786548 
72,issue_d x last_pymnt_d,3.695,0.082885867073 
73,loan_amnt x verification_status,3.698,0.082597011832 
74,funded_amnt x verification_status,3.701,0.082312102314 
75,loan_status x last_credit_pull_d,3.707,0.082022701681 
76,int_rate x term,3.709,0.081756957654 
77,total_pymnt_inv x verification_status,3.712,0.081490180985 
78,total_rec_prncp x loan_status,3.716,0.081223954800 
79,term x sub_grade,3.717,0.080966961018 
80,total_acc x home_ownership,3.722,0.080700231742 
81,installment x verification_status,3.725,0.080438479365 
82,annual_inc x home_ownership,3.729,0.080175997750 
83,term x issue_d,3.731,0.079924879504 
84,total_pymnt x verification_status,3.734,0.079673067350 
85,funded_amnt_inv x term,3.736,0.079423364603 
86,total_rec_prncp x verification_status,3.739,0.079178160704 
87,loan_amnt x term,3.742,0.078936817143 
88,funded_amnt_inv x issue_d,3.789,0.078576918755 
89,funded_amnt x term,3.791,0.078340688927 
90,total_rec_int x verification_status,3.794,0.078107018432 
91,loan_amnt x purpose,3.806,0.077850886805 
92,term x grade,3.806,0.077627884127 
93,funded_amnt x purpose,3.817,0.077374040905 
94,total_pymnt_inv x term,3.820,0.077145688202 
95,installment x purpose,3.831,0.076895558467 
96,total_pymnt x sub_grade,3.859,0.076602697370 
97,total_pymnt x grade,3.865,0.076372767837 
98,funded_amnt_inv x purpose,3.877,0.076128418137 
99,total_pymnt x term,3.879,0.075912277679 
100,total_rec_prncp x purpose,3.890,0.075676925101 
101,total_pymnt_inv x grade,3.897,0.075457431668 
102,total_pymnt_inv x sub_grade,3.924,0.075179496242 
103,emp_length x home_ownership,3.925,0.074976386113 
104,last_pymnt_amnt x loan_status,3.929,0.074767415338 
105,home_ownership x addr_state,3.931,0.074563373636 
106,term x verification_status,3.931,0.074367501750 
107,total_pymnt_inv x loan_status,3.935,0.074163530422 
108,total_pymnt x purpose,3.947,0.073938780345 
109,int_rate x total_rec_int,4.024,0.073533639349 
110,total_pymnt_inv x purpose,4.036,0.073313980496 
111,mths_since_last_delinq x grade,4.043,0.073109393073 
112,revol_bal x purpose,4.055,0.072896381109 
113,funded_amnt_inv x sub_grade,4.083,0.072640500062 
114,funded_amnt x sub_grade,4.111,0.072388321643 
115,home_ownership x zip_code,4.156,0.072087003570 
116,loan_amnt x sub_grade,4.184,0.071835117626 
117,total_rec_prncp x term,4.186,0.071654436204 
118,total_rec_int x purpose,4.198,0.071451621922 
119,total_pymnt x loan_status,4.202,0.071270578448 
120,mths_since_last_record x pub_rec,4.208,0.071083396339 
121,inq_last_6mths x grade,4.210,0.070909630203 
122,total_rec_prncp x sub_grade,4.238,0.070665031834 
123,open_acc x home_ownership,4.241,0.070492118141 
124,grade x loan_status,4.241,0.070326640277 
125,inq_last_6mths x sub_grade,4.248,0.070142246034 
126,sub_grade x loan_status,4.250,0.069976009355 
127,annual_inc x emp_length,4.259,0.069789923670 
128,sub_grade x issue_d,4.276,0.069583466445 
129,funded_amnt_inv x grade,4.282,0.069406000078 
130,funded_amnt x grade,4.288,0.069228576091 
131,inq_last_6mths x loan_status,4.289,0.069067070163 
132,loan_amnt x grade,4.295,0.068892340710 
133,last_pymnt_amnt x verification_status,4.298,0.068726847620 
134,total_pymnt_inv x issue_d,4.345,0.068441404408 
135,total_rec_prncp x grade,4.351,0.068270056737 
136,dti x purpose,4.363,0.068084955390 
137,int_rate x verification_status,4.366,0.067925021981 
138,annual_inc x verification_status,4.369,0.067765292783 
139,mths_since_last_delinq x sub_grade,4.403,0.067523468754 
140,total_acc x emp_length,4.412,0.067350897263 
141,pub_rec x pub_rec_bankruptcies,4.412,0.067203374617 
142,int_rate x loan_status,4.416,0.067048630371 
143,loan_status x last_pymnt_d,4.418,0.066898622705 
144,int_rate x total_pymnt,4.496,0.066547690954 
145,loan_amnt x annual_inc,4.574,0.066197080871 
146,emp_length x issue_d,4.580,0.066044154177 
147,issue_d x purpose,4.587,0.065887734114 
148,total_rec_int x last_pymnt_amnt,4.664,0.065538850812 
149,verification_status x last_pymnt_d,4.666,0.065397645221 
150,funded_amnt_inv x emp_length,4.675,0.065238630935 
151,funded_amnt x annual_inc,4.753,0.064895033407 
152,loan_amnt x issue_d,4.800,0.064636005959 
153,dti x sub_grade,4.828,0.064429879332 
154,funded_amnt x issue_d,4.875,0.064171575899 
155,home_ownership x purpose,4.876,0.064040018180 
156,int_rate x inq_last_6mths,4.897,0.063854601034 
157,open_acc x revol_bal,4.944,0.063597718537 
158,dti x open_acc,4.992,0.063341132628 
159,term x last_credit_pull_d,4.995,0.063206891360 
160,annual_inc x total_acc,5.073,0.062869256763 
161,revol_bal x verification_status,5.076,0.062738004965 
162,loan_amnt x home_ownership,5.081,0.062602707234 
163,funded_amnt x emp_length,5.090,0.062456310201 
164,loan_amnt x emp_length,5.099,0.062310755768 
165,installment x issue_d,5.146,0.062062593199 
166,funded_amnt x home_ownership,5.151,0.061930727809 
167,issue_d x loan_status,5.153,0.061805188652 
168,grade x issue_d,5.157,0.061675986249 
169,funded_amnt_inv x home_ownership,5.162,0.061544698283 
170,grade x last_credit_pull_d,5.171,0.061402236974 
171,total_pymnt_inv x emp_length,5.180,0.061259352637 
172,last_pymnt_amnt x term,5.182,0.061136242169 
173,funded_amnt_inv x annual_inc,5.260,0.060807320614 
174,installment x annual_inc,5.338,0.060479379134 
175,total_rec_prncp x issue_d,5.385,0.060235731613 
176,int_rate x total_pymnt_inv,5.463,0.059908033539 
177,sub_grade x last_credit_pull_d,5.502,0.059684632133 
178,installment x term,5.505,0.059563989829 
179,annual_inc x total_rec_prncp,5.583,0.059239334943 
180,pub_rec_bankruptcies x issue_d,5.584,0.059122388985 
181,int_rate x purpose,5.596,0.058978972337 
182,loan_amnt x revol_bal,5.674,0.058655092240 
183,total_rec_prncp x emp_length,5.683,0.058519564276 
184,sub_grade x purpose,5.687,0.058399230259 
185,term x last_pymnt_d,5.689,0.058286563921 
186,funded_amnt_inv x int_rate,5.766,0.057965847816 
187,revol_bal x emp_length,5.776,0.057832876795 
188,total_rec_prncp x home_ownership,5.780,0.057712781711 
189,sub_grade x verification_status,5.781,0.057602912176 
190,funded_amnt x revol_bal,5.859,0.057284083004 
191,installment x emp_length,5.868,0.057153146126 
192,total_pymnt x home_ownership,5.873,0.057035393205 
193,total_pymnt x emp_length,5.882,0.056905046613 
194,total_pymnt_inv x home_ownership,5.887,0.056787948156 
195,dti x grade,5.893,0.056667073635 
196,installment x home_ownership,5.898,0.056552066478 
197,purpose x last_credit_pull_d,5.914,0.056405097906 
198,installment x revol_bal,5.992,0.056092105832 
199,open_acc x purpose,5.999,0.055972586815 
200,total_acc x verification_status,6.002,0.055864245462 
201,annual_inc x total_pymnt,6.080,0.055551903171 
202,annual_inc x open_acc,6.128,0.055322492488 
203,grade x purpose,6.129,0.055223724341 
204,issue_d x addr_state,6.153,0.055062775966 
205,pub_rec_bankruptcies x last_pymnt_d,6.154,0.054962485694 
206,total_pymnt_inv x last_pymnt_d,6.201,0.054740348594 
207,dti x issue_d,6.248,0.054519436597 
208,total_pymnt x issue_d,6.295,0.054299105577 
209,grade x verification_status,6.296,0.054207194322 
210,total_acc x purpose,6.307,0.054084617173 
211,verification_status x purpose,6.308,0.053993018748 
212,loan_amnt x int_rate,6.386,0.053690932468 
213,funded_amnt x int_rate,6.463,0.053390079599 
214,funded_amnt_inv x revol_bal,6.541,0.053089288911 
215,last_pymnt_amnt x grade,6.547,0.052985310890 
216,annual_inc x revol_bal,6.625,0.052685809829 
217,annual_inc x purpose,6.637,0.052567428508 
218,dti x addr_state,6.676,0.052373572831 
219,int_rate x emp_length,6.685,0.052261863585 
220,annual_inc x total_pymnt_inv,6.763,0.051964048876 
221,inq_last_6mths x issue_d,6.776,0.051845330893 
222,inq_last_6mths x addr_state,6.786,0.051732424095 
223,home_ownership x verification_status,6.786,0.051648011319 
224,total_rec_int x emp_length,6.796,0.051539113953 
225,total_acc x sub_grade,6.823,0.051380151948 
226,emp_length x last_credit_pull_d,6.837,0.051261466041 
227,verification_status x last_credit_pull_d,6.841,0.051167470880 
228,term x home_ownership,6.841,0.051085222657 
229,total_acc x grade,6.847,0.050987127700 
230,term x loan_status,6.847,0.050905714159 
231,delinq_2yrs x grade,6.849,0.050823264938 
232,emp_length x verification_status,6.849,0.050742768752 
233,open_acc x emp_length,6.855,0.050647969848 
234,purpose x addr_state,6.860,0.050553183106 
235,revol_bal x total_pymnt,6.938,0.050261874733 
236,term x emp_length,6.938,0.050182863261 
237,open_acc x grade,6.942,0.050094820800 
238,int_rate x total_rec_prncp,7.020,0.049804929219 
239,inq_last_6mths x next_pymnt_d,7.045,0.049660098109 
240,term x purpose,7.045,0.049582580708 
241,total_rec_int x home_ownership,7.050,0.049494468084 
242,open_acc x sub_grade,7.067,0.049373121980 
243,funded_amnt_inv x pub_rec_bankruptcies,7.070,0.049290198409 
244,last_pymnt_amnt x home_ownership,7.075,0.049203136872 
245,revol_bal x total_rec_prncp,7.153,0.048916881006 
246,sub_grade x addr_state,7.167,0.048805765746 
247,mths_since_last_delinq x pub_rec_bankruptcies,7.170,0.048722985457 
248,total_pymnt_inv x pub_rec_bankruptcies,7.173,0.048642022518 
249,funded_amnt_inv x loan_status,7.177,0.048559039961 
250,last_pymnt_amnt x sub_grade,7.205,0.048411064741 
251,int_rate x home_ownership,7.210,0.048326604180 
252,open_acc x verification_status,7.211,0.048250234530 
253,dti x total_acc,7.289,0.047966589397 
254,delinq_2yrs x sub_grade,7.294,0.047882886903 
255,last_pymnt_amnt x emp_length,7.303,0.047787185023 
256,dti x verification_status,7.306,0.047708683745 
257,sub_grade x home_ownership,7.308,0.047634373437 
258,grade x home_ownership,7.308,0.047564404033 
259,funded_amnt_inv x dti,7.386,0.047282949695 
260,funded_amnt_inv x total_acc,7.464,0.047002039935 
261,grade x next_pymnt_d,7.471,0.046914221417 
262,revol_bal x term,7.474,0.046840267986 
263,home_ownership x issue_d,7.476,0.046765015472 
264,funded_amnt_inv x addr_state,7.516,0.046591460809 
265,sub_grade x emp_length,7.519,0.046516599018 
266,last_pymnt_d x last_credit_pull_d,7.587,0.046266543447 
267,pub_rec_bankruptcies x verification_status,7.587,0.046201247958 
268,emp_length x purpose,7.588,0.046132697235 
269,total_acc x term,7.590,0.046062470756 
270,funded_amnt_inv x open_acc,7.638,0.045868073977 
271,loan_amnt x total_acc,7.716,0.045591703934 
272,funded_amnt_inv x last_pymnt_d,7.763,0.045399710436 
273,revol_bal x total_pymnt_inv,7.841,0.045123561982 
274,loan_amnt x open_acc,7.889,0.044929723351 
275,emp_length x last_pymnt_d,7.894,0.044851588070 
276,mths_since_last_record x verification_status,7.898,0.044778727761 
277,funded_amnt x open_acc,7.946,0.044585945976 
278,revol_bal x grade,7.952,0.044507212902 
279,funded_amnt x total_acc,8.030,0.044233019748 
280,emp_length x addr_state,8.034,0.044159607089 
281,total_rec_prncp x addr_state,8.074,0.043992270215 
282,pub_rec_bankruptcies x loan_status,8.074,0.043932085327 
283,revol_bal x total_acc,8.152,0.043661584991 
284,annual_inc x term,8.154,0.043597963033 
285,loan_amnt x addr_state,8.193,0.043435204316 
286,recoveries x term,8.196,0.043373785468 
287,funded_amnt x addr_state,8.235,0.043211340356 
288,total_acc x addr_state,8.274,0.043049597781 
289,grade x last_pymnt_d,8.278,0.042985311782 
290,verification_status x zip_code,8.308,0.042848050912 
291,mths_since_last_delinq x verification_status,8.312,0.042784210562 
292,inq_last_6mths x purpose,8.315,0.042722487522 
293,total_rec_int x last_pymnt_d,8.362,0.042541280040 
294,verification_status x loan_status,8.362,0.042488172189 
295,open_acc x total_rec_prncp,8.410,0.042305116395 
296,mths_since_last_record x loan_status,8.415,0.042240093957 
297,total_acc x total_rec_prncp,8.493,0.041975227391 
298,loan_status x purpose,8.493,0.041921461645 
299,mths_since_last_delinq x loan_status,8.498,0.041856951504 
300,installment x open_acc,8.546,0.041674894697 
301,last_pymnt_amnt x issue_d,8.593,0.041495188637 
302,funded_amnt x dti,8.670,0.041231763468 
303,collection_recovery_fee x loan_status,8.674,0.041170507463 
304,int_rate x dti,8.752,0.040907205915 
305,dti x total_rec_prncp,8.830,0.040643925957 
306,dti x term,8.832,0.040587390639 
307,mths_since_last_delinq x emp_length,8.843,0.040506923646 
308,total_rec_late_fee x loan_status,8.847,0.040446984983 
309,loan_amnt x dti,8.925,0.040185230522 
310,emp_length x zip_code,9.017,0.039886837711 
311,inq_last_6mths x home_ownership,9.018,0.039835440890 
312,total_acc x issue_d,9.065,0.039659453264 
313,pub_rec_bankruptcies x grade,9.065,0.039611406029 
314,inq_last_6mths x last_pymnt_d,9.078,0.039529713344 
315,int_rate x pub_rec_bankruptcies,9.081,0.039473964283 
316,int_rate x delinq_2yrs,9.094,0.039390883994 
317,installment x loan_status,9.098,0.039333441475 
318,pub_rec_bankruptcies x sub_grade,9.099,0.039283554426 
319,verification_status x next_pymnt_d,9.103,0.039226917713 
320,sub_grade x last_pymnt_d,9.119,0.039134678189 
321,addr_state x last_credit_pull_d,9.176,0.038934295946 
322,annual_inc x grade,9.182,0.038871228655 
323,installment x addr_state,9.221,0.038717738906 
324,pub_rec_bankruptcies x next_pymnt_d,9.225,0.038661712587 
325,purpose x last_pymnt_d,9.232,0.038596916441 
326,mths_since_last_delinq x issue_d,9.289,0.038396240966 
327,inq_last_6mths x open_acc,9.301,0.038316339405 
328,mths_since_last_record x grade,9.309,0.038251250111 
329,home_ownership x last_credit_pull_d,9.316,0.038188575660 
330,pub_rec_bankruptcies x last_credit_pull_d,9.320,0.038132185363 
331,loan_amnt x loan_status,9.324,0.038077481754 
332,funded_amnt x loan_status,9.328,0.038022783545 
333,total_pymnt_inv x addr_state,9.367,0.037871979037 
334,total_pymnt x addr_state,9.406,0.037721284271 
335,grade x addr_state,9.409,0.037669822187 
336,open_acc x total_pymnt,9.457,0.037496390789 
337,int_rate x addr_state,9.496,0.037347123185 
338,total_rec_int x issue_d,9.543,0.037176911956 
339,installment x dti,9.621,0.036922549333 
340,verification_status x addr_state,9.623,0.036876603709 
341,annual_inc x sub_grade,9.651,0.036759349907 
342,installment x total_acc,9.728,0.036505282675 
343,annual_inc x loan_status,9.732,0.036453407462 
344,grade x emp_length,9.733,0.036411091113 
345,recoveries x grade,9.739,0.036354029039 
346,loan_status x addr_state,9.741,0.036308501828 
347,mths_since_last_delinq x purpose,9.755,0.036230232915 
348,int_rate x last_pymnt_d,9.802,0.036061781696 
349,total_acc x loan_status,9.806,0.036011975800 
350,open_acc x total_pymnt_inv,9.854,0.035842209230 
351,revol_bal x total_rec_int,9.932,0.035590666724 
352,open_acc x addr_state,9.956,0.035485870989 
353,dti x loan_status,9.960,0.035436605584 
354,open_acc x issue_d,9.988,0.035320269292 
355,dti x home_ownership,9.993,0.035270572865 
356,open_acc x term,9.994,0.035230038778 
357,pub_rec x grade,9.995,0.035192267022 
358,pub_rec x sub_grade,9.997,0.035151775334 
359,total_acc x total_pymnt,10.075,0.034903953360 
360,inq_last_6mths x total_acc,10.095,0.034812029562 
361,funded_amnt_inv x inq_last_6mths,10.116,0.034721454765 
362,pub_rec_bankruptcies x emp_length,10.117,0.034687056252 
363,term x next_pymnt_d,10.119,0.034646344841 
364,term x addr_state,10.121,0.034610368242 
365,total_acc x total_pymnt_inv,10.198,0.034366168260 
366,open_acc x loan_status,10.201,0.034329344776 
367,inq_last_6mths x pub_rec_bankruptcies,10.202,0.034296764951 
368,emp_length x loan_status,10.202,0.034265302420 
369,total_rec_int x loan_status,10.206,0.034225393685 
370,pub_rec_bankruptcies x term,10.206,0.034195955719 
371,dti x total_pymnt,10.284,0.033954430516 
372,pub_rec_bankruptcies x addr_state,10.285,0.033921795447 
373,inq_last_6mths x term,10.286,0.033891972122 
374,total_rec_prncp x pub_rec_bankruptcies,10.289,0.033856136740 
375,inq_last_6mths x verification_status,10.290,0.033827995417 
376,mths_since_last_record x term,10.293,0.033794523227 
377,mths_since_last_delinq x term,10.295,0.033761759111 
378,home_ownership x last_pymnt_d,10.298,0.033729036818 
379,inq_last_6mths x total_pymnt_inv,10.319,0.033647181359 
380,total_rec_late_fee x grade,10.325,0.033605477493 
381,total_pymnt x pub_rec_bankruptcies,10.328,0.033572201300 
382,int_rate x pub_rec,10.334,0.033532760141 
383,dti x total_pymnt_inv,10.412,0.033295510466 
384,last_pymnt_amnt x pub_rec_bankruptcies,10.415,0.033262665049 
385,pub_rec x emp_length,10.415,0.033236531177 
386,revol_bal x sub_grade,10.443,0.033136602320 
387,mths_since_last_delinq x home_ownership,10.449,0.033097322712 
388,inq_last_6mths x total_rec_prncp,10.469,0.033016691177 
389,recoveries x verification_status,10.472,0.032984573151 
390,dti x revol_bal,10.550,0.032748607486 
391,pub_rec x loan_status,10.551,0.032725079798 
392,inq_last_6mths x emp_length,10.553,0.032696055948 
393,annual_inc x last_pymnt_amnt,10.631,0.032461707450 
394,total_acc x pub_rec_bankruptcies,10.634,0.032431745490 
395,funded_amnt x pub_rec_bankruptcies,10.637,0.032401841393 
396,loan_amnt x pub_rec_bankruptcies,10.640,0.032372154878 
397,installment x inq_last_6mths,10.661,0.032294440106 
398,total_rec_prncp x last_pymnt_d,10.708,0.032145616051 
399,total_rec_prncp x last_credit_pull_d,10.820,0.031819970859 
400,dti x pub_rec_bankruptcies,10.823,0.031791731265 
401,installment x pub_rec_bankruptcies,10.826,0.031763568370 
402,annual_inc x issue_d,10.873,0.031615513948 
403,revol_bal x loan_status,10.877,0.031585514893 
404,grade x zip_code,10.938,0.031400486138 
405,delinq_2yrs x purpose,10.940,0.031377195456 
406,revol_bal x pub_rec_bankruptcies,10.943,0.031351252058 
407,pub_rec_bankruptcies x purpose,10.943,0.031332791134 
408,mths_since_last_record x emp_length,10.954,0.031285428230 
409,pub_rec x addr_state,10.957,0.031261200593 
410,delinq_2yrs x emp_length,10.959,0.031240508806 
411,total_pymnt x last_pymnt_d,11.006,0.031095745893 
412,dti x inq_last_6mths,11.026,0.031022662747 
413,annual_inc x total_rec_int,11.104,0.030793903067 
414,open_acc x pub_rec_bankruptcies,11.106,0.030772720016 
415,home_ownership x loan_status,11.106,0.030756133439 
416,inq_last_6mths x total_pymnt,11.127,0.030683850847 
417,annual_inc x pub_rec_bankruptcies,11.130,0.030660312904 
418,inq_last_6mths x pub_rec,11.132,0.030641276536 
419,delinq_2yrs x loan_status,11.132,0.030624485871 
420,collection_recovery_fee x term,11.135,0.030604114547 
421,pub_rec x total_rec_prncp,11.140,0.030575461637 
422,debt_settlement_flag x settlement_status,11.140,0.030562172778 
423,pub_rec_bankruptcies x home_ownership,11.140,0.030549914671 
424,pub_rec x home_ownership,11.141,0.030537330438 
425,settlement_term x debt_settlement_flag,11.141,0.030524041578 
426,last_pymnt_amnt x addr_state,11.181,0.030405210263 
427,emp_length x next_pymnt_d,11.192,0.030363662920 
428,int_rate x open_acc,11.239,0.030221943274 
429,int_rate x mths_since_last_delinq,11.333,0.029953930433 
430,settlement_term x settlement_status,11.334,0.029940640159 
431,loan_status x debt_settlement_flag,11.334,0.029929317894 
432,delinq_2yrs x home_ownership,11.335,0.029916246920 
433,pub_rec x revol_bal,11.341,0.029890571872 
434,loan_status x settlement_status,11.341,0.029879249607 
435,total_rec_int x pub_rec_bankruptcies,11.344,0.029860059022 
436,inq_last_6mths x last_credit_pull_d,11.374,0.029767856456 
437,sub_grade x next_pymnt_d,11.407,0.029666557765 
438,pub_rec x total_pymnt,11.412,0.029641439738 
439,pub_rec x issue_d,11.416,0.029622706891 
440,pub_rec x total_pymnt_inv,11.421,0.029598455910 
441,addr_state x last_pymnt_d,11.445,0.029524407667 
442,pub_rec x purpose,11.445,0.029513400742 
443,funded_amnt_inv x pub_rec,11.451,0.029490012916 
444,settlement_term x loan_status,11.452,0.029478682447 
445,funded_amnt x pub_rec,11.457,0.029455417367 
446,pub_rec x last_credit_pull_d,11.465,0.029425893899 
447,loan_amnt x pub_rec,11.470,0.029403156820 
448,total_rec_late_fee x home_ownership,11.475,0.029382628880 
449,delinq_2yrs x total_acc,11.488,0.029339170449 
450,installment x pub_rec,11.494,0.029316981690 
451,pub_rec x total_acc,11.499,0.029294899421 
452,total_rec_late_fee x verification_status,11.502,0.029279263355 
453,pub_rec x verification_status,11.502,0.029272122848 
454,installment x delinq_2yrs,11.515,0.029229794707 
455,dti x last_credit_pull_d,11.627,0.028918054232 
456,delinq_2yrs x issue_d,11.635,0.028890053294 
457,delinq_2yrs x pub_rec_bankruptcies,11.635,0.028882700219 
458,mths_since_last_delinq x pub_rec,11.642,0.028858994878 
459,pub_rec x last_pymnt_amnt,11.647,0.028838527886 
460,collection_recovery_fee x grade,11.654,0.028815978544 
461,loan_amnt x inq_last_6mths,11.674,0.028753553116 
462,funded_amnt x inq_last_6mths,11.695,0.028691299514 
463,collection_recovery_fee x verification_status,11.698,0.028677703324 
464,dti x pub_rec,11.704,0.028657950119 
465,settlement_amount x settlement_status,11.707,0.028644658150 
466,settlement_percentage x settlement_status,11.710,0.028631367439 
467,delinq_2yrs x revol_bal,11.723,0.028590948481 
468,int_rate x last_credit_pull_d,11.835,0.028281375167 
469,delinq_2yrs x verification_status,11.835,0.028275747620 
470,loan_status x zip_code,11.873,0.028167322889 
471,term x debt_settlement_flag,11.873,0.028163102873 
472,term x settlement_status,11.873,0.028158882856 
473,delinq_2yrs x inq_last_6mths,11.877,0.028145840986 
474,delinq_2yrs x addr_state,11.884,0.028124665690 
475,pub_rec x term,11.884,0.028121359367 
476,grade x debt_settlement_flag,11.884,0.028118032360 
477,grade x settlement_status,11.884,0.028114588446 
478,annual_inc x dti,11.962,0.027899243299 
479,settlement_term x term,11.963,0.027894937035 
480,mths_since_last_record x home_ownership,11.968,0.027877184595 
481,open_acc x last_pymnt_amnt,12.016,0.027744433373 
482,verification_status x debt_settlement_flag,12.016,0.027742321855 
483,verification_status x settlement_status,12.016,0.027740198953 
484,funded_amnt_inv x delinq_2yrs,12.029,0.027702824034 
485,recoveries x debt_settlement_flag,12.032,0.027695020984 
486,annual_inc x pub_rec,12.037,0.027678831691 
487,sub_grade x debt_settlement_flag,12.038,0.027675141386 
488,pub_rec x last_pymnt_d,12.041,0.027664918190 
489,delinq_2yrs x pub_rec,12.042,0.027661166885 
490,debt_settlement_flag_date x settlement_status,12.046,0.027647875163 
491,settlement_status x settlement_date,12.051,0.027634583907 
492,open_acc x pub_rec,12.054,0.027624343718 
493,last_credit_pull_d x debt_settlement_flag,12.057,0.027614102780 
494,emp_length x debt_settlement_flag,12.058,0.027612264037 
495,purpose x debt_settlement_flag,12.058,0.027610250108 
496,sub_grade x settlement_status,12.059,0.027606197132 
497,emp_length x settlement_status,12.060,0.027604181928 
498,collection_recovery_fee x debt_settlement_flag,12.062,0.027596855327 
499,purpose x settlement_status,12.062,0.027594637522 
500,settlement_amount x loan_status,12.066,0.027583218305 
501,settlement_percentage x loan_status,12.070,0.027571805464 
502,home_ownership x next_pymnt_d,12.076,0.027555890407 
503,delinq_2yrs x term,12.076,0.027554281050 
504,settlement_term x verification_status,12.077,0.027551969205 
505,total_rec_late_fee x term,12.079,0.027545534961 
506,home_ownership x debt_settlement_flag,12.079,0.027545053837 
507,dti x delinq_2yrs,12.092,0.027509233785 
508,home_ownership x settlement_status,12.092,0.027508719067 
509,pub_rec_bankruptcies x debt_settlement_flag,12.093,0.027508455230 
510,pub_rec_bankruptcies x settlement_status,12.093,0.027508185966 
511,pub_rec x debt_settlement_flag,12.093,0.027507906194 
512,purpose x next_pymnt_d,12.107,0.027470255883 
513,pub_rec x settlement_status,12.107,0.027469962285 
514,inq_last_6mths x debt_settlement_flag,12.108,0.027468829644 
515,settlement_term x grade,12.109,0.027465081480 
516,recoveries x settlement_status,12.112,0.027457266176 
517,delinq_2yrs x debt_settlement_flag,12.113,0.027456931024 
518,addr_state x debt_settlement_flag,12.114,0.027454472105 
519,total_rec_late_fee x pub_rec_bankruptcies,12.117,0.027446801457 
520,issue_d x debt_settlement_flag,12.118,0.027443782053 
521,inq_last_6mths x mths_since_last_delinq,12.143,0.027375950343 
522,funded_amnt x debt_settlement_flag,12.146,0.027370587073 
523,loan_amnt x debt_settlement_flag,12.148,0.027365248215 
524,delinq_2yrs x settlement_status,12.148,0.027364841425 
525,inq_last_6mths x settlement_status,12.149,0.027363610925 
526,collection_recovery_fee x settlement_status,12.152,0.027356276390 
527,open_acc x total_rec_int,12.200,0.027226875940 
528,total_rec_prncp x debt_settlement_flag,12.202,0.027221679055 
529,int_rate x debt_settlement_flag,12.205,0.027216577838 
530,funded_amnt_inv x debt_settlement_flag,12.207,0.027211633050 
531,mths_since_last_delinq x addr_state,12.255,0.027083344052 
532,last_credit_pull_d x settlement_status,12.259,0.027072652478 
533,addr_state x settlement_status,12.261,0.027069905673 
534,settlement_percentage x term,12.263,0.027065211291 
535,total_rec_int x addr_state,12.302,0.026959475459 
536,issue_d x settlement_status,12.304,0.026956041434 
537,open_acc x debt_settlement_flag,12.305,0.026953953378 
538,settlement_amount x term,12.308,0.026949460221 
539,pub_rec_bankruptcies x settlement_term,12.309,0.026949127100 
540,total_rec_int x debt_settlement_flag,12.311,0.026945044029 
541,delinq_2yrs x total_pymnt_inv,12.324,0.026911648806 
542,settlement_term x home_ownership,12.325,0.026910795089 
543,dti x debt_settlement_flag,12.327,0.026906992731 
544,last_pymnt_d x debt_settlement_flag,12.329,0.026905757092 
545,installment x debt_settlement_flag,12.331,0.026902045375 
546,open_acc x settlement_status,12.333,0.026899561873 
547,delinq_2yrs x total_rec_prncp,12.346,0.026866472138 
548,funded_amnt x settlement_status,12.349,0.026860830448 
549,total_pymnt x debt_settlement_flag,12.352,0.026857334528 
550,total_rec_prncp x settlement_status,12.355,0.026851736582 
551,loan_amnt x settlement_status,12.358,0.026846157704 
552,total_rec_late_fee x debt_settlement_flag,12.360,0.026842812675 
553,total_pymnt_inv x debt_settlement_flag,12.362,0.026839478406 
554,int_rate x settlement_status,12.365,0.026834071760 
555,funded_amnt_inv x settlement_status,12.369,0.026828834060 
556,total_acc x debt_settlement_flag,12.371,0.026825729523 
557,recoveries x pub_rec_bankruptcies,12.374,0.026820908647 
558,last_pymnt_amnt x debt_settlement_flag,12.376,0.026818198857 
559,loan_status x settlement_date,12.382,0.026806765207 
560,pub_rec x total_rec_int,12.387,0.026795719128 
561,loan_status x debt_settlement_flag_date,12.393,0.026784303304 
562,last_pymnt_d x settlement_status,12.395,0.026782931867 
563,inq_last_6mths x last_pymnt_amnt,12.415,0.026729955595 
564,settlement_term x emp_length,12.418,0.026727492948 
565,annual_inc x debt_settlement_flag,12.420,0.026725273170 
566,dti x settlement_status,12.423,0.026720955116 
567,delinq_2yrs x total_pymnt,12.436,0.026689279249 
568,total_rec_int x settlement_status,12.439,0.026685043570 
569,total_rec_late_fee x emp_length,12.449,0.026663992944 
570,term x settlement_date,12.452,0.026659206556 
571,installment x settlement_status,12.455,0.026655131720 
572,funded_amnt x delinq_2yrs,12.468,0.026623730216 
573,delinq_2yrs x last_pymnt_d,12.476,0.026606534626 
574,loan_amnt x delinq_2yrs,12.489,0.026575172048 
575,term x debt_settlement_flag_date,12.492,0.026570561036 
576,term x earliest_cr_line,12.494,0.026570561036 
577,earliest_cr_line x debt_settlement_flag,12.496,0.026570561036 
578,total_pymnt x settlement_status,12.499,0.026566733827 
579,total_pymnt_inv x settlement_status,12.502,0.026562981594 
580,revol_bal x debt_settlement_flag,12.504,0.026561366175 
581,settlement_percentage x verification_status,12.507,0.026557813357 
582,settlement_amount x verification_status,12.510,0.026554270703 
583,total_acc x settlement_status,12.513,0.026550748504 
584,recoveries x purpose,12.525,0.026524119717 
585,issue_d x next_pymnt_d,12.581,0.026375315145 
586,total_rec_late_fee x settlement_status,12.584,0.026371946310 
587,pub_rec x next_pymnt_d,12.591,0.026359684698 
588,mths_since_last_delinq x debt_settlement_flag,12.594,0.026357539204 
589,settlement_term x purpose,12.597,0.026354917560 
590,last_pymnt_amnt x settlement_status,12.600,0.026352081216 
591,delinq_amnt x term,12.602,0.026351434354 
592,annual_inc x settlement_status,12.605,0.026348877967 
593,delinq_amnt x pub_rec_bankruptcies,12.608,0.026346457160 
594,verification_status x earliest_cr_line,12.610,0.026346457160 
595,pub_rec_bankruptcies x earliest_cr_line,12.613,0.026346457160 
596,recoveries x home_ownership,12.617,0.026339836060 
597,delinq_2yrs x open_acc,12.625,0.026323949884 
598,annual_inc x inq_last_6mths,12.646,0.026273232044 
599,delinq_amnt x debt_settlement_flag,12.648,0.026273222636 
600,mths_since_last_record x purpose,12.662,0.026241526186 
601,total_rec_late_fee x purpose,12.674,0.026216538244 
602,revol_bal x settlement_status,12.677,0.026214751487 
603,mths_since_last_record x debt_settlement_flag,12.680,0.026213850461 
604,next_pymnt_d x debt_settlement_flag,12.682,0.026213110048 
605,recoveries x emp_length,12.692,0.026194682835 
606,loan_status x earliest_cr_line,12.694,0.026194682835 
607,pub_rec_bankruptcies x settlement_amount,12.698,0.026193816698 
608,revol_util x debt_settlement_flag,12.700,0.026193816698 
609,pub_rec_bankruptcies x settlement_percentage,12.703,0.026193030816 
610,collection_recovery_fee x home_ownership,12.708,0.026188036369 
611,mths_since_last_delinq x settlement_status,12.712,0.026185597580 
612,delinq_amnt x loan_status,12.716,0.026183257407 
613,delinq_amnt x settlement_status,12.719,0.026183247999 
614,annual_inc x delinq_2yrs,12.732,0.026155909303 
615,verification_status x settlement_date,12.736,0.026152413714 
616,verification_status x debt_settlement_flag_date,12.741,0.026148934427 
617,mths_since_last_record x issue_d,12.797,0.026002480080 
618,delinq_2yrs x last_pymnt_amnt,12.811,0.025975389686 
619,delinq_2yrs x settlement_term,12.814,0.025974919429 
620,home_ownership x earliest_cr_line,12.817,0.025974919429 
621,mths_since_last_record x sub_grade,12.851,0.025892559357 
622,mths_since_last_record x settlement_status,12.854,0.025891643480 
623,next_pymnt_d x settlement_status,12.858,0.025890849862 
624,int_rate x total_acc,12.936,0.025687802877 
625,settlement_amount x home_ownership,12.941,0.025685321848 
626,revol_util x verification_status,12.944,0.025685321848 
627,revol_util x pub_rec_bankruptcies,12.948,0.025685321848 
628,revol_util x settlement_status,12.952,0.025685321848 
629,pub_rec x earliest_cr_line,12.956,0.025685321848 
630,settlement_percentage x home_ownership,12.960,0.025683264527 
631,pub_rec x recoveries,12.966,0.025679207867 
632,total_acc x last_pymnt_amnt,13.043,0.025477282386 
633,pub_rec_bankruptcies x settlement_date,13.048,0.025476396394 
634,pub_rec_bankruptcies x debt_settlement_flag_date,13.052,0.025475532994 
635,settlement_amount x grade,13.058,0.025470079399 
636,dti x last_pymnt_d,13.105,0.025353270341 
637,settlement_percentage x grade,13.112,0.025348147486 
638,grade x earliest_cr_line,13.116,0.025348147486 
639,delinq_amnt x home_ownership,13.121,0.025347540966 
640,pub_rec x delinq_amnt,13.126,0.025345122585 
641,pub_rec x total_rec_late_fee,13.131,0.025342756836 
642,revol_util x loan_status,13.136,0.025342756836 
643,pub_rec x collection_recovery_fee,13.141,0.025341032390 
644,inq_last_6mths x settlement_term,13.147,0.025339510206 
645,pub_rec x settlement_amount,13.152,0.025338714231 
646,recoveries x sub_grade,13.180,0.025276916851 
647,pub_rec x settlement_percentage,13.185,0.025276185402 
648,pub_rec_bankruptcies x zip_code,13.216,0.025206890752 
649,collection_recovery_fee x emp_length,13.225,0.025195799312 
650,open_acc x last_credit_pull_d,13.294,0.025023050402 
651,settlement_term x sub_grade,13.301,0.025018601382 
652,funded_amnt x last_pymnt_d,13.348,0.024905437718 
653,revol_util x home_ownership,13.353,0.024905437718 
654,delinq_2yrs x total_rec_int,13.367,0.024885254777 
655,home_ownership x debt_settlement_flag_date,13.373,0.024882814692 
656,home_ownership x settlement_date,13.380,0.024880506037 
657,loan_amnt x last_pymnt_d,13.427,0.024768058716 
658,revol_bal x last_pymnt_amnt,13.505,0.024571627031 
659,delinq_amnt x grade,13.511,0.024571141328 
660,last_pymnt_amnt x last_pymnt_d,13.558,0.024459647854 
661,delinq_2yrs x last_credit_pull_d,13.577,0.024425326697 
662,pub_rec x revol_util,13.583,0.024425326697 
663,emp_length x earliest_cr_line,13.590,0.024425326697 
664,int_rate x last_pymnt_amnt,13.668,0.024231184614 
665,grade x settlement_date,13.676,0.024225730992 
666,grade x debt_settlement_flag_date,13.685,0.024220317229 
667,collection_recovery_fee x purpose,13.697,0.024208452278 
668,settlement_amount x emp_length,13.706,0.024203002988 
669,settlement_percentage x emp_length,13.715,0.024197971175 
670,pub_rec x settlement_date,13.723,0.024197138328 
671,revol_util x grade,13.731,0.024197138328 
672,pub_rec x debt_settlement_flag_date,13.738,0.024196342352 
673,inq_last_6mths x revol_bal,13.759,0.024160737513 
674,total_pymnt_inv x last_credit_pull_d,13.871,0.023877774506 
675,installment x last_pymnt_d,13.918,0.023771854638 
676,purpose x earliest_cr_line,13.926,0.023771854638 
677,dti x last_pymnt_amnt,14.004,0.023582341040 
678,last_pymnt_d x next_pymnt_d,14.060,0.023451892505 
679,funded_amnt_inv x last_credit_pull_d,14.172,0.023170324210 
680,delinq_amnt x emp_length,14.181,0.023169031143 
681,dti x total_rec_int,14.259,0.022980541923 
682,inq_last_6mths x mths_since_last_record,14.284,0.022936046785 
683,settlement_term x addr_state,14.294,0.022932842494 
684,delinq_2yrs x earliest_cr_line,14.304,0.022932842494 
685,settlement_percentage x purpose,14.315,0.022928408271 
686,settlement_amount x purpose,14.327,0.022923976681 
687,delinq_2yrs x next_pymnt_d,14.342,0.022908500187 
688,total_rec_late_fee x sub_grade,14.370,0.022861507754 
689,settlement_term x issue_d,14.382,0.022857452987 
690,revol_bal x issue_d,14.429,0.022758287091 
691,delinq_amnt x purpose,14.441,0.022756186310 
692,delinq_2yrs x recoveries,14.454,0.022750728963 
693,revol_util x emp_length,14.465,0.022750728963 
694,open_acc x settlement_term,14.477,0.022747840496 
695,total_pymnt x last_credit_pull_d,14.589,0.022473321298 
696,emp_length x settlement_date,14.602,0.022467811389 
697,emp_length x debt_settlement_flag_date,14.616,0.022462649930 
698,settlement_term x last_pymnt_d,14.628,0.022460973453 
699,delinq_2yrs x collection_recovery_fee,14.641,0.022456761801 
700,delinq_2yrs x mths_since_last_record,14.657,0.022445384097 
701,last_pymnt_amnt x last_credit_pull_d,14.768,0.022172183683 
702,mths_since_last_delinq x last_pymnt_d,14.825,0.022049844982 
703,total_acc x last_pymnt_d,14.872,0.021954648309 
704,delinq_2yrs x delinq_amnt,14.885,0.021952148947 
705,delinq_2yrs x settlement_amount,14.898,0.021950945035 
706,delinq_2yrs x settlement_percentage,14.912,0.021949793189 
707,inq_last_6mths x total_rec_late_fee,14.932,0.021929863716 
708,revol_util x purpose,14.946,0.021929863716 
709,settlement_term x earliest_cr_line,14.961,0.021929863716 
710,inq_last_6mths x earliest_cr_line,14.975,0.021929863716 
711,purpose x settlement_date,14.992,0.021925319238 
712,purpose x debt_settlement_flag_date,15.009,0.021920830081 
713,inq_last_6mths x recoveries,15.029,0.021904870930 
714,funded_amnt_inv x mths_since_last_delinq,15.123,0.021689193330 
715,settlement_amount x settlement_term,15.143,0.021675899243 
716,settlement_percentage x settlement_term,15.163,0.021662605773 
717,total_acc x total_rec_int,15.241,0.021491980430 
718,delinq_2yrs x revol_util,15.257,0.021491980430 
719,mths_since_last_record x last_pymnt_d,15.314,0.021380582382 
720,int_rate x annual_inc,15.392,0.021214574878 
721,recoveries x settlement_term,15.412,0.021206702410 
722,inq_last_6mths x collection_recovery_fee,15.433,0.021197177856 
723,collection_recovery_fee x settlement_term,15.453,0.021189827550 
724,funded_amnt x settlement_term,15.473,0.021183838403 
725,loan_amnt x settlement_term,15.493,0.021177885455 
726,total_rec_prncp x settlement_term,15.513,0.021171940152 
727,int_rate x settlement_term,15.533,0.021166115323 
728,funded_amnt_inv x settlement_term,15.553,0.021160362716 
729,collection_recovery_fee x sub_grade,15.581,0.021134122404 
730,mths_since_last_delinq x open_acc,15.638,0.021026337215 
731,total_rec_int x settlement_term,15.658,0.021021586887 
732,dti x settlement_term,15.678,0.021016842448 
733,installment x settlement_term,15.698,0.021012200249 
734,delinq_2yrs x debt_settlement_flag_date,15.717,0.021010959238 
735,delinq_2yrs x settlement_date,15.736,0.021009760361 
736,total_pymnt x settlement_term,15.756,0.021005345540 
737,total_pymnt_inv x settlement_term,15.776,0.021001099661 
738,revol_bal x addr_state,15.815,0.020944240503 
739,total_acc x settlement_term,15.835,0.020940065233 
740,total_rec_late_fee x settlement_term,15.855,0.020936636302 
741,last_pymnt_amnt x settlement_term,15.875,0.020933464290 
742,annual_inc x settlement_term,15.895,0.020930340994 
743,funded_amnt x last_credit_pull_d,16.007,0.020677782235 
744,revol_bal x settlement_term,16.027,0.020675788782 
745,inq_last_6mths x settlement_amount,16.048,0.020672274140 
746,inq_last_6mths x settlement_percentage,16.069,0.020669173179 
747,sub_grade x earliest_cr_line,16.089,0.020669173179 
748,zip_code x debt_settlement_flag,16.112,0.020660816153 
749,inq_last_6mths x delinq_amnt,16.132,0.020658327348 
750,delinq_amnt x settlement_term,16.152,0.020658317940 
751,loan_amnt x last_credit_pull_d,16.264,0.020409165207 
752,annual_inc x last_pymnt_d,16.311,0.020337398755 
753,dti x mths_since_last_delinq,16.405,0.020138256208 
754,installment x last_credit_pull_d,16.517,0.019890722871 
755,total_acc x last_credit_pull_d,16.629,0.019645623979 
756,mths_since_last_delinq x total_pymnt_inv,16.723,0.019451674812 
757,mths_since_last_delinq x settlement_term,16.747,0.019448957448 
758,purpose x zip_code,16.861,0.019199956739 
759,settlement_term x next_pymnt_d,16.885,0.019199083942 
760,mths_since_last_record x settlement_term,16.910,0.019198103847 
761,settlement_term x settlement_date,16.938,0.019184807534 
762,settlement_term x debt_settlement_flag_date,16.967,0.019171512384 
763,mths_since_last_delinq x total_acc,17.061,0.018979987675 
764,revol_util x settlement_term,17.085,0.018979987675 
765,mths_since_last_record x addr_state,17.133,0.018916971078 
766,settlement_term x last_credit_pull_d,17.161,0.018906380193 
767,settlement_amount x sub_grade,17.189,0.018898721324 
768,settlement_percentage x sub_grade,17.217,0.018891449586 
769,inq_last_6mths x revol_util,17.242,0.018891449586 
770,addr_state x next_pymnt_d,17.289,0.018834454984 
771,delinq_amnt x sub_grade,17.317,0.018833474822 
772,zip_code x settlement_status,17.347,0.018824833664 
773,addr_state x earliest_cr_line,17.375,0.018824833664 
774,inq_last_6mths x debt_settlement_flag_date,17.405,0.018821242718 
775,inq_last_6mths x settlement_date,17.435,0.018817730787 
776,installment x mths_since_last_delinq,17.529,0.018639359566 
777,mths_since_last_delinq x total_rec_prncp,17.623,0.018461098713 
778,revol_bal x last_pymnt_d,17.670,0.018413926898 
779,total_rec_late_fee x addr_state,17.710,0.018387912676 
780,funded_amnt x mths_since_last_delinq,17.804,0.018213426217 
781,loan_amnt x mths_since_last_delinq,17.898,0.018039338540 
782,recoveries x addr_state,17.937,0.018015127311 
783,total_rec_late_fee x issue_d,17.984,0.017974400720 
784,mths_since_last_delinq x total_pymnt,18.078,0.017805696620 
785,recoveries x issue_d,18.125,0.017766348676 
786,revol_util x sub_grade,18.158,0.017766348676 
787,issue_d x earliest_cr_line,18.192,0.017766348676 
788,earliest_cr_line x last_pymnt_d,18.225,0.017766348676 
789,pub_rec x zip_code,18.279,0.017712526597 
790,collection_recovery_fee x addr_state,18.318,0.017697747246 
791,open_acc x earliest_cr_line,18.352,0.017697747246 
792,int_rate x revol_bal,18.430,0.017582695876 
793,settlement_amount x addr_state,18.469,0.017576306708 
794,sub_grade x settlement_date,18.509,0.017568613313 
795,settlement_percentage x addr_state,18.548,0.017562558623 
796,sub_grade x debt_settlement_flag_date,18.588,0.017555131878 
797,open_acc x total_rec_late_fee,18.636,0.017527233413 
798,recoveries x last_pymnt_d,18.683,0.017501935227 
799,open_acc x next_pymnt_d,18.740,0.017449991276 
800,annual_inc x last_credit_pull_d,18.852,0.017249374280 
801,total_rec_int x last_credit_pull_d,18.964,0.017048788719 
802,total_rec_late_fee x last_pymnt_d,19.011,0.017025060808 
803,delinq_amnt x addr_state,19.050,0.017023598972 
804,collection_recovery_fee x issue_d,19.097,0.017005253857 
805,collection_recovery_fee x last_pymnt_d,19.144,0.016987074226 
806,open_acc x recoveries,19.192,0.016966828801 
807,mths_since_last_record x open_acc,19.250,0.016922169057 
808,open_acc x collection_recovery_fee,19.297,0.016908541318 
809,settlement_amount x issue_d,19.344,0.016901217756 
810,settlement_percentage x issue_d,19.391,0.016894337258 
811,open_acc x settlement_amount,19.439,0.016888109967 
812,open_acc x settlement_percentage,19.487,0.016882375480 
813,settlement_percentage x last_pymnt_d,19.534,0.016879593748 
814,settlement_amount x last_pymnt_d,19.581,0.016876900051 
815,delinq_amnt x issue_d,19.628,0.016874408352 
816,delinq_amnt x last_pymnt_d,19.675,0.016871980482 
817,mths_since_last_delinq x last_pymnt_amnt,19.769,0.016741161110 
818,total_rec_prncp x recoveries,19.847,0.016654939027 
819,annual_inc x mths_since_last_delinq,19.941,0.016525887100 
820,open_acc x delinq_amnt,19.989,0.016523433559 
821,revol_util x addr_state,20.036,0.016523433559 
822,funded_amnt_inv x mths_since_last_record,20.130,0.016400831234 
823,funded_amnt x recoveries,20.208,0.016328153600 
824,mths_since_last_delinq x total_rec_int,20.302,0.016211898903 
825,loan_amnt x recoveries,20.380,0.016139946211 
826,recoveries x last_pymnt_amnt,20.458,0.016068896845 
827,mths_since_last_record x total_pymnt_inv,20.552,0.015955318678 
828,funded_amnt_inv x recoveries,20.629,0.015886380515 
829,recoveries x collection_recovery_fee,20.707,0.015817700303 
830,int_rate x recoveries,20.785,0.015750528240 
831,installment x total_rec_late_fee,20.863,0.015683627870 
832,addr_state x settlement_date,20.919,0.015677061734 
833,addr_state x debt_settlement_flag_date,20.976,0.015670667481 
834,installment x recoveries,21.054,0.015607738028 
835,total_rec_prncp x total_rec_late_fee,21.131,0.015545416783 
836,mths_since_last_delinq x revol_bal,21.225,0.015439226250 
837,recoveries x earliest_cr_line,21.281,0.015439226250 
838,collection_recovery_fee x earliest_cr_line,21.336,0.015439226250 
839,total_rec_late_fee x earliest_cr_line,21.392,0.015439226250 
840,last_pymnt_amnt x earliest_cr_line,21.447,0.015439226250 
841,settlement_amount x earliest_cr_line,21.503,0.015439226250 
842,settlement_percentage x earliest_cr_line,21.558,0.015439226250 
843,total_acc x earliest_cr_line,21.614,0.015439226250 
844,annual_inc x earliest_cr_line,21.669,0.015439226250 
845,dti x earliest_cr_line,21.725,0.015439226250 
846,funded_amnt_inv x earliest_cr_line,21.780,0.015439226250 
847,total_pymnt_inv x earliest_cr_line,21.836,0.015439226250 
848,total_rec_int x earliest_cr_line,21.891,0.015439226250 
849,int_rate x earliest_cr_line,21.947,0.015439226250 
850,installment x earliest_cr_line,22.002,0.015439226250 
851,loan_amnt x earliest_cr_line,22.058,0.015439226250 
852,funded_amnt x earliest_cr_line,22.113,0.015439226250 
853,total_pymnt x earliest_cr_line,22.169,0.015439226250 
854,total_rec_prncp x earliest_cr_line,22.224,0.015439226250 
855,revol_bal x earliest_cr_line,22.279,0.015439226250 
856,delinq_amnt x earliest_cr_line,22.335,0.015439226250 
857,int_rate x next_pymnt_d,22.428,0.015336516503 
858,funded_amnt x total_rec_late_fee,22.506,0.015276779827 
859,funded_amnt_inv x total_rec_late_fee,22.584,0.015217769015 
860,loan_amnt x total_rec_late_fee,22.662,0.015159108612 
861,total_rec_late_fee x last_pymnt_amnt,22.740,0.015101085189 
862,revol_util x issue_d,22.796,0.015101085189 
863,revol_util x last_pymnt_d,22.853,0.015101085189 
864,funded_amnt_inv x next_pymnt_d,22.946,0.015002088641 
865,total_pymnt x total_rec_late_fee,23.024,0.014946592696 
866,total_pymnt_inv x total_rec_late_fee,23.102,0.014891337349 
867,open_acc x revol_util,23.160,0.014891337349 
868,total_pymnt_inv x next_pymnt_d,23.253,0.014795724517 
869,int_rate x total_rec_late_fee,23.331,0.014744810850 
870,total_rec_int x recoveries,23.409,0.014694462000 
871,int_rate x mths_since_last_record,23.503,0.014600640554 
872,mths_since_last_delinq x last_credit_pull_d,23.638,0.014396199151 
873,total_pymnt x recoveries,23.715,0.014352876181 
874,total_pymnt_inv x recoveries,23.793,0.014310786023 
875,total_acc x total_rec_late_fee,23.871,0.014270919592 
876,dti x next_pymnt_d,23.964,0.014190026122 
877,total_rec_int x total_rec_late_fee,24.042,0.014151785444 
878,dti x total_rec_late_fee,24.120,0.014113902237 
879,total_rec_prncp x next_pymnt_d,24.213,0.014034259771 
880,annual_inc x total_rec_late_fee,24.291,0.013998365488 
881,total_rec_prncp x collection_recovery_fee,24.369,0.013962617236 
882,dti x recoveries,24.447,0.013926901341 
883,issue_d x settlement_date,24.514,0.013919587560 
884,issue_d x debt_settlement_flag_date,24.582,0.013912453421 
885,recoveries x last_credit_pull_d,24.693,0.013787094744 
886,open_acc x settlement_date,24.762,0.013780898618 
887,dti x mths_since_last_record,24.856,0.013705300196 
888,installment x next_pymnt_d,24.949,0.013631908744 
889,open_acc x debt_settlement_flag_date,25.018,0.013625961545 
890,total_pymnt x next_pymnt_d,25.111,0.013552721013 
891,last_pymnt_d x debt_settlement_flag_date,25.178,0.013549920113 
892,last_pymnt_d x settlement_date,25.246,0.013547145284 
893,earliest_cr_line x next_pymnt_d,25.312,0.013547145284 
894,mths_since_last_record x total_rec_prncp,25.406,0.013472648826 
895,total_acc x recoveries,25.484,0.013442514379 
896,mths_since_last_delinq x earliest_cr_line,25.551,0.013442514379 
897,mths_since_last_record x earliest_cr_line,25.618,0.013442514379 
898,revol_util x earliest_cr_line,25.685,0.013442514379 
899,total_acc x next_pymnt_d,25.779,0.013371379075 
900,int_rate x collection_recovery_fee,25.856,0.013342835195 
901,funded_amnt x next_pymnt_d,25.950,0.013272248989 
902,collection_recovery_fee x last_pymnt_amnt,26.027,0.013244134369 
903,loan_amnt x next_pymnt_d,26.121,0.013174176427 
904,funded_amnt x collection_recovery_fee,26.199,0.013147777418 
905,loan_amnt x collection_recovery_fee,26.276,0.013121620467 
906,funded_amnt_inv x collection_recovery_fee,26.354,0.013095641468 
907,annual_inc x recoveries,26.432,0.013069676659 
908,revol_bal x total_rec_late_fee,26.510,0.013044519492 
909,installment x collection_recovery_fee,26.588,0.013020037047 
910,funded_amnt x mths_since_last_record,26.682,0.012951777940 
911,loan_amnt x mths_since_last_record,26.776,0.012883535295 
912,total_rec_late_fee x recoveries,26.854,0.012859698809 
913,mths_since_last_record x total_pymnt,26.948,0.012791748906 
914,revol_bal x recoveries,27.025,0.012769749798 
915,dti x collection_recovery_fee,27.103,0.012747954780 
916,installment x mths_since_last_record,27.197,0.012682077146 
917,mths_since_last_delinq x mths_since_last_record,27.311,0.012563399532 
918,revol_bal x last_credit_pull_d,27.422,0.012450331936 
919,total_pymnt_inv x collection_recovery_fee,27.500,0.012430469854 
920,mths_since_last_record x total_acc,27.594,0.012366620108 
921,total_pymnt x collection_recovery_fee,27.672,0.012347264673 
922,total_rec_int x collection_recovery_fee,27.750,0.012328699293 
923,total_acc x collection_recovery_fee,27.828,0.012311354483 
924,last_pymnt_amnt x next_pymnt_d,27.921,0.012254988109 
925,annual_inc x collection_recovery_fee,27.999,0.012241128887 
926,settlement_amount x settlement_percentage,28.077,0.012227818458 
927,total_rec_late_fee x collection_recovery_fee,28.155,0.012215554343 
928,mths_since_last_record x last_pymnt_amnt,28.249,0.012159252271 
929,annual_inc x next_pymnt_d,28.342,0.012105957599 
930,revol_bal x collection_recovery_fee,28.420,0.012095178028 
931,total_rec_prncp x settlement_amount,28.497,0.012086356083 
932,funded_amnt x settlement_amount,28.575,0.012077622959 
933,int_rate x settlement_amount,28.653,0.012068903343 
934,funded_amnt_inv x settlement_amount,28.731,0.012060199246 
935,loan_amnt x settlement_amount,28.809,0.012051514251 
936,funded_amnt x settlement_percentage,28.887,0.012042918685 
937,total_rec_prncp x settlement_percentage,28.964,0.012034324986 
938,loan_amnt x settlement_percentage,29.042,0.012025760208 
939,funded_amnt_inv x settlement_percentage,29.120,0.012017246434 
940,int_rate x settlement_percentage,29.198,0.012008782908 
941,dti x settlement_amount,29.276,0.012000533042 
942,recoveries x settlement_amount,29.354,0.011992384095 
943,recoveries x settlement_percentage,29.431,0.011984261771 
944,dti x settlement_percentage,29.509,0.011976238757 
945,installment x settlement_amount,29.587,0.011968254729 
946,total_pymnt x settlement_amount,29.665,0.011960476725 
947,annual_inc x mths_since_last_record,29.759,0.011908555427 
948,total_pymnt_inv x settlement_amount,29.837,0.011900864020 
949,installment x settlement_percentage,29.914,0.011893177614 
950,total_acc x settlement_amount,29.992,0.011885569870 
951,total_pymnt x settlement_percentage,30.070,0.011878021617 
952,collection_recovery_fee x settlement_amount,30.148,0.011870563739 
953,collection_recovery_fee x settlement_percentage,30.226,0.011863118023 
954,total_pymnt_inv x settlement_percentage,30.304,0.011855699383 
955,total_rec_int x settlement_amount,30.381,0.011848382995 
956,total_acc x settlement_percentage,30.459,0.011841145055 
957,total_rec_int x settlement_percentage,30.537,0.011833929459 
958,annual_inc x settlement_amount,30.615,0.011827223990 
959,annual_inc x settlement_percentage,30.693,0.011820938114 
960,last_pymnt_amnt x settlement_amount,30.771,0.011815590456 
961,last_pymnt_amnt x settlement_percentage,30.848,0.011810485365 
962,total_rec_int x next_pymnt_d,30.942,0.011763330835 
963,revol_bal x settlement_amount,31.019,0.011759385910 
964,total_rec_late_fee x settlement_amount,31.097,0.011755671356 
965,total_rec_late_fee x settlement_percentage,31.175,0.011751966644 
966,revol_bal x settlement_percentage,31.253,0.011748533004 
967,total_acc x delinq_amnt,31.331,0.011746076749 
968,funded_amnt_inv x delinq_amnt,31.409,0.011743912427 
969,dti x delinq_amnt,31.486,0.011741774609 
970,total_pymnt_inv x delinq_amnt,31.564,0.011739775108 
971,funded_amnt x delinq_amnt,31.642,0.011737904899 
972,loan_amnt x delinq_amnt,31.720,0.011736053816 
973,int_rate x delinq_amnt,31.798,0.011734233673 
974,total_rec_prncp x delinq_amnt,31.876,0.011732473049 
975,installment x delinq_amnt,31.953,0.011730866735 
976,total_pymnt x delinq_amnt,32.031,0.011729370277 
977,last_pymnt_amnt x delinq_amnt,32.109,0.011727907870 
978,total_rec_int x delinq_amnt,32.187,0.011726542303 
979,annual_inc x delinq_amnt,32.265,0.011725276882 
980,revol_bal x delinq_amnt,32.343,0.011724141802 
981,mths_since_last_record x total_rec_int,32.437,0.011679479963 
982,total_rec_late_fee x delinq_amnt,32.514,0.011679225164 
983,collection_recovery_fee x delinq_amnt,32.592,0.011679063302 
984,recoveries x delinq_amnt,32.670,0.011678921219 
985,delinq_amnt x settlement_amount,32.748,0.011678911811 
986,delinq_amnt x settlement_percentage,32.826,0.011678902403 
987,mths_since_last_delinq x total_rec_late_fee,32.920,0.011639500227 
988,earliest_cr_line x last_credit_pull_d,32.999,0.011639500227 
989,earliest_cr_line x debt_settlement_flag_date,33.079,0.011639500227 
990,earliest_cr_line x settlement_date,33.159,0.011639500227 
991,revol_bal x next_pymnt_d,33.252,0.011602734137 
992,mths_since_last_record x revol_bal,33.346,0.011566082056 
993,mths_since_last_delinq x next_pymnt_d,33.459,0.011487505627 
994,mths_since_last_delinq x recoveries,33.553,0.011463623163 
995,total_rec_late_fee x next_pymnt_d,33.646,0.011446220894 
996,mths_since_last_delinq x collection_recovery_fee,33.740,0.011431201728 
997,mths_since_last_record x total_rec_late_fee,33.834,0.011418522765 
998,recoveries x next_pymnt_d,33.927,0.011408439736 
999,mths_since_last_record x next_pymnt_d,34.040,0.011347490504 
1000,collection_recovery_fee x next_pymnt_d,34.133,0.011340672214 
1001,mths_since_last_record x recoveries,34.227,0.011332117027 
1002,total_rec_late_fee x last_credit_pull_d,34.339,0.011277414626 
1003,delinq_amnt x next_pymnt_d,34.432,0.011274933267 
1004,mths_since_last_record x collection_recovery_fee,34.526,0.011270528653 
1005,mths_since_last_delinq x settlement_amount,34.620,0.011266351106 
1006,mths_since_last_delinq x settlement_percentage,34.714,0.011262269438 
1007,settlement_amount x next_pymnt_d,34.807,0.011261133653 
1008,settlement_percentage x next_pymnt_d,34.900,0.011260040969 
1009,mths_since_last_record x settlement_amount,34.994,0.011258675032 
1010,mths_since_last_record x settlement_percentage,35.088,0.011257347020 
1011,mths_since_last_delinq x delinq_amnt,35.182,0.011256403821 
1012,mths_since_last_record x delinq_amnt,35.276,0.011256189142 
1013,revol_util x recoveries,35.370,0.011256189142 
1014,revol_util x collection_recovery_fee,35.464,0.011256189142 
1015,revol_util x total_rec_late_fee,35.558,0.011256189142 
1016,revol_util x last_pymnt_amnt,35.652,0.011256189142 
1017,revol_util x total_acc,35.746,0.011256189142 
1018,revol_util x settlement_amount,35.840,0.011256189142 
1019,revol_util x settlement_percentage,35.934,0.011256189142 
1020,annual_inc x revol_util,36.028,0.011256189142 
1021,dti x revol_util,36.123,0.011256189142 
1022,funded_amnt_inv x revol_util,36.217,0.011256189142 
1023,int_rate x revol_util,36.311,0.011256189142 
1024,revol_util x total_pymnt_inv,36.405,0.011256189142 
1025,revol_util x total_rec_int,36.499,0.011256189142 
1026,loan_amnt x revol_util,36.593,0.011256189142 
1027,funded_amnt x revol_util,36.687,0.011256189142 
1028,installment x revol_util,36.781,0.011256189142 
1029,revol_util x total_pymnt,36.875,0.011256189142 
1030,revol_util x total_rec_prncp,36.969,0.011256189142 
1031,revol_bal x revol_util,37.063,0.011256189142 
1032,revol_util x delinq_amnt,37.157,0.011256189142 
1033,collection_recovery_fee x last_credit_pull_d,37.268,0.011213756064 
1034,mths_since_last_record x last_credit_pull_d,37.403,0.011118681143 
1035,next_pymnt_d x last_credit_pull_d,37.537,0.011030161008 
1036,delinq_2yrs x zip_code,37.667,0.010957818881 
1037,settlement_amount x settlement_date,37.779,0.010944507165 
1038,settlement_amount x debt_settlement_flag_date,37.890,0.010931196022 
1039,settlement_percentage x settlement_date,38.002,0.010917885529 
1040,settlement_percentage x debt_settlement_flag_date,38.114,0.010904575620 
1041,settlement_amount x last_credit_pull_d,38.226,0.010893315436 
1042,settlement_percentage x last_credit_pull_d,38.337,0.010882255892 
1043,funded_amnt x settlement_date,38.449,0.010873458820 
1044,total_rec_prncp x settlement_date,38.561,0.010864665684 
1045,total_rec_prncp x debt_settlement_flag_date,38.673,0.010855885906 
1046,funded_amnt_inv x settlement_date,38.784,0.010847135241 
1047,loan_amnt x settlement_date,38.896,0.010838397302 
1048,int_rate x settlement_date,39.008,0.010829674872 
1049,funded_amnt x debt_settlement_flag_date,39.120,0.010820989897 
1050,loan_amnt x debt_settlement_flag_date,39.231,0.010812350091 
1051,funded_amnt_inv x debt_settlement_flag_date,39.343,0.010803734812 
1052,int_rate x debt_settlement_flag_date,39.455,0.010795151761 
1053,dti x settlement_date,39.566,0.010786899534 
1054,dti x debt_settlement_flag_date,39.678,0.010778730652 
1055,recoveries x settlement_date,39.790,0.010770585527 
1056,recoveries x debt_settlement_flag_date,39.902,0.010762450089 
1057,installment x settlement_date,40.013,0.010754430632 
1058,installment x debt_settlement_flag_date,40.125,0.010746550142 
1059,total_pymnt x settlement_date,40.237,0.010738750551 
1060,total_pymnt_inv x settlement_date,40.349,0.010731056063 
1061,total_pymnt x debt_settlement_flag_date,40.460,0.010723413859 
1062,total_acc x settlement_date,40.572,0.010715797964 
1063,total_pymnt_inv x debt_settlement_flag_date,40.684,0.010708272681 
1064,total_acc x debt_settlement_flag_date,40.796,0.010700810313 
1065,collection_recovery_fee x settlement_date,40.907,0.010693356921 
1066,collection_recovery_fee x debt_settlement_flag_date,41.019,0.010685903648 
1067,total_rec_int x settlement_date,41.131,0.010678555184 
1068,total_rec_int x debt_settlement_flag_date,41.242,0.010671262815 
1069,annual_inc x settlement_date,41.354,0.010664649727 
1070,annual_inc x debt_settlement_flag_date,41.466,0.010658146653 
1071,last_pymnt_amnt x debt_settlement_flag_date,41.578,0.010652664921 
1072,last_pymnt_amnt x settlement_date,41.689,0.010647342903 
1073,total_rec_late_fee x settlement_date,41.801,0.010643612647 
1074,total_rec_late_fee x debt_settlement_flag_date,41.913,0.010639895927 
1075,revol_bal x settlement_date,42.025,0.010636184192 
1076,revol_bal x debt_settlement_flag_date,42.136,0.010632696684 
1077,delinq_amnt x last_credit_pull_d,42.248,0.010630696587 
1078,delinq_amnt x debt_settlement_flag_date,42.360,0.010630687179 
1079,delinq_amnt x settlement_date,42.471,0.010630677771 
1080,revol_util x next_pymnt_d,42.584,0.010630677771 
1081,mths_since_last_delinq x revol_util,42.698,0.010630677771 
1082,mths_since_last_record x revol_util,42.811,0.010630677771 
1083,sub_grade x zip_code,43.086,0.010213593341 
1084,inq_last_6mths x zip_code,43.292,0.009996701253 
1085,mths_since_last_delinq x debt_settlement_flag_date,43.427,0.009992353147 
1086,mths_since_last_delinq x settlement_date,43.562,0.009988010570 
1087,next_pymnt_d x settlement_date,43.696,0.009986882695 
1088,next_pymnt_d x debt_settlement_flag_date,43.830,0.009985779969 
1089,mths_since_last_record x settlement_date,43.965,0.009984399063 
1090,mths_since_last_record x debt_settlement_flag_date,44.100,0.009983019064 
1091,revol_util x last_credit_pull_d,44.235,0.009983019064 
1092,revol_util x debt_settlement_flag_date,44.370,0.009983019064 
1093,revol_util x settlement_date,44.505,0.009983019064 
1094,debt_settlement_flag_date x settlement_date,44.665,0.009969706969 
1095,last_credit_pull_d x settlement_date,44.826,0.009958391058 
1096,last_credit_pull_d x debt_settlement_flag_date,44.986,0.009947088296 
1097,settlement_term x zip_code,45.185,0.009938092240 
1098,issue_d x zip_code,45.650,0.009416538610 
1099,open_acc x zip_code,46.124,0.009062150168 
1100,zip_code x last_pymnt_d,46.590,0.008826132119 
1101,dti x zip_code,47.361,0.008118746945 
1102,funded_amnt_inv x zip_code,48.132,0.007498367823 
1103,zip_code x earliest_cr_line,48.682,0.007498367823 
1104,total_rec_prncp x zip_code,49.454,0.006912799518 
1105,funded_amnt x zip_code,50.225,0.006336877821 
1106,int_rate x zip_code,50.996,0.005767171938 
1107,loan_amnt x zip_code,51.768,0.005198276894 
1108,installment x zip_code,52.539,0.004633384112 
1109,total_acc x zip_code,53.310,0.004081632872 
1110,total_pymnt x zip_code,54.082,0.003536738178 
1111,total_pymnt_inv x zip_code,54.853,0.002998619586 
1112,annual_inc x zip_code,55.624,0.002540263061 
1113,last_pymnt_amnt x zip_code,56.396,0.002142116732 
1114,total_rec_int x zip_code,57.167,0.001770565728 
1115,revol_bal x zip_code,57.938,0.001585082655 
1116,total_rec_late_fee x zip_code,58.710,0.001510538686 
1117,recoveries x zip_code,59.481,0.001442619772 
1118,collection_recovery_fee x zip_code,60.252,0.001404678518 
1119,settlement_amount x zip_code,61.024,0.001393939577 
1120,settlement_percentage x zip_code,61.795,0.001383295022 
1121,delinq_amnt x zip_code,62.566,0.001380991015 
1122,mths_since_last_delinq x zip_code,63.498,0.000959829363 
1123,zip_code x last_credit_pull_d,64.606,0.000275736963 
1124,zip_code x next_pymnt_d,65.530,0.000152777944 
1125,mths_since_last_record x zip_code,66.461,0.000021451424 
1126,revol_util x zip_code,67.393,0.000021451424 
1127,zip_code x settlement_date,68.500,0.000010722385 
1128,zip_code x debt_settlement_flag_date,69.608,0.000000000000 
