0,City x Priority,0.001,4.704,2.119,0.991,1.184 
1,Call Type x Original Priority,0.003,9.782,1.590,1.946,0.936 
2,Neighborhooods - Analysis Boundaries x Station Area,0.017,15.969,1.548,3.101,0.843 
3,Neighborhooods - Analysis Boundaries x Zipcode of Incident,0.027,29.610,1.510,10.087,0.790 
4,Neighborhooods - Analysis Boundaries x Supervisor District,0.030,47.078,1.967,13.958,0.740 
5,Battalion x Fire Prevention District,0.031,64.944,1.463,14.844,0.676 
6,Station Area x Zipcode of Incident,0.042,98.071,1.454,30.114,0.661 
7,Battalion x Station Area,0.046,141.193,1.403,40.173,0.647 
8,Fire Prevention District x Station Area,0.050,196.490,1.359,51.928,0.633 
9,Fire Prevention District x Neighborhooods - Analysis Boundaries,0.053,259.537,1.799,59.793,0.619 
10,Call Final Disposition x Call Type Group,0.054,323.695,1.326,60.908,0.419 
11,Battalion x Neighborhooods - Analysis Boundaries,0.057,396.056,1.754,69.234,0.405 
12,Fire Prevention District x Zipcode of Incident,0.060,476.134,1.226,77.475,0.391 
13,Station Area x Supervisor District,0.064,567.975,1.183,89.240,0.378 
14,Battalion x Zipcode of Incident,0.066,668.333,1.160,97.765,0.364 
15,Supervisor District x Zipcode of Incident,0.069,785.738,1.168,114.824,0.351 
16,Fire Prevention District x Supervisor District,0.070,912.629,1.175,124.292,0.338 
17,Battalion x Supervisor District,0.071,1050.120,1.163,134.901,0.325 
18,ALS Unit x Unit Type,0.071,1188.458,1.114,135.790,0.191 
19,Final Priority x Priority,0.071,1324.730,1.098,133.760,0.147 
20,Original Priority x Priority,0.072,1470.050,1.102,142.825,0.139 
21,Call Type x Call Type Group,0.073,1629.025,1.085,156.497,0.131 
22,Final Priority x Original Priority,0.073,1799.721,1.072,168.231,0.124 
23,Call Final Disposition x Call Type,0.077,1982.113,1.068,179.531,0.117 
24,Call Type Group x Priority,0.077,2172.986,1.371,188.113,0.112 
25,Call Type Group x Original Priority,0.078,2371.954,1.042,196.120,0.106 
26,Call Type Group x Final Priority,0.078,2579.911,1.351,205.223,0.101 
27,Call Type Group x Unit Type,0.078,2799.262,1.022,216.482,0.096 
28,Call Type x Unit Type,0.081,3026.658,1.306,224.704,0.092 
29,Call Final Disposition x Unit Type,0.082,3261.890,1.002,232.387,0.088 
30,Priority x Unit Type,0.082,3506.103,1.290,241.541,0.085 
31,Original Priority x Unit Type,0.083,3759.819,0.979,250.912,0.082 
32,Call Type x Priority,0.085,4021.914,1.254,259.463,0.078 
33,Call Final Disposition x Original Priority,0.086,4294.038,0.949,269.389,0.075 
34,Call Final Disposition x Priority,0.087,4575.535,1.223,278.899,0.072 
35,Final Priority x Unit Type,0.087,4870.330,0.931,292.076,0.068 
36,Call Final Disposition x Final Priority,0.087,5170.765,1.194,297.872,0.065 
37,ALS Unit x Call Type,0.088,5484.243,0.901,310.792,0.062 
38,Call Type x Final Priority,0.088,5807.345,1.158,320.575,0.059 
39,ALS Unit x Call Type Group,0.088,6139.472,0.884,329.475,0.057 
40,ALS Unit x Call Final Disposition,0.089,6480.981,1.124,339.013,0.054 
41,Call Type x Station Area,0.100,6834.847,0.860,351.234,0.053 
42,Call Type x Neighborhooods - Analysis Boundaries,0.110,7199.012,1.094,361.688,0.052 
43,Call Type x Zipcode of Incident,0.117,7576.691,0.841,375.056,0.051 
44,Call Final Disposition x Neighborhooods - Analysis Boundaries,0.122,7964.786,1.063,385.667,0.050 
45,Call Final Disposition x Station Area,0.127,8365.313,0.804,397.937,0.049 
46,ALS Unit x Station Area,0.128,8775.457,1.013,407.769,0.048 
47,ALS Unit x Original Priority,0.128,9195.824,0.796,417.803,0.046 
48,ALS Unit x Priority,0.128,9624.487,0.977,426.327,0.045 
49,Call Type Group x Neighborhooods - Analysis Boundaries,0.129,10065.845,0.756,438.841,0.044 
50,Call Type x Supervisor District,0.132,10517.248,0.940,449.106,0.043 
51,Station Area x Unit Type,0.136,10980.648,0.721,460.919,0.042 
52,Call Final Disposition x Zipcode of Incident,0.139,11455.012,0.909,472.106,0.042 
53,Neighborhooods - Analysis Boundaries x Unit Type,0.142,11941.400,0.685,483.935,0.041 
54,Call Type x Fire Prevention District,0.145,12440.395,0.923,496.701,0.040 
55,Call Type Group x Station Area,0.147,12954.083,0.683,511.151,0.039 
56,ALS Unit x Neighborhooods - Analysis Boundaries,0.147,13476.728,0.887,520.355,0.038 
57,Battalion x Call Type,0.150,14015.386,0.632,536.261,0.037 
58,ALS Unit x Zipcode of Incident,0.150,14564.863,0.796,547.336,0.036 
59,Unit Type x Zipcode of Incident,0.153,15126.847,0.602,559.632,0.035 
60,Call Final Disposition x Supervisor District,0.154,15701.397,0.763,572.441,0.034 
61,Call Type Group x Zipcode of Incident,0.155,16288.962,0.573,585.240,0.033 
62,ALS Unit x Final Priority,0.155,16887.096,0.729,596.056,0.032 
63,ALS Unit x Fire Prevention District,0.155,17498.125,0.545,608.754,0.031 
64,ALS Unit x Battalion,0.155,18120.763,0.686,620.611,0.030 
65,Supervisor District x Unit Type,0.156,18756.046,0.521,633.016,0.029 
66,Call Type Group x Supervisor District,0.157,19402.983,0.659,644.937,0.028 
67,Call Final Disposition x Fire Prevention District,0.158,20065.060,0.494,659.848,0.028 
68,Fire Prevention District x Unit Type,0.159,20737.979,0.625,670.956,0.027 
69,Battalion x Unit Type,0.160,21425.573,0.469,685.414,0.026 
70,Battalion x Call Final Disposition,0.161,22125.021,0.577,697.537,0.025 
71,ALS Unit x Supervisor District,0.161,22839.843,0.435,712.644,0.025 
72,Battalion x Call Type Group,0.162,23566.400,0.555,724.676,0.024 
73,Call Type Group x Fire Prevention District,0.162,24307.297,0.411,738.772,0.023 
74,Neighborhooods - Analysis Boundaries x Priority,0.165,25061.050,0.515,751.912,0.023 
75,Priority x Station Area,0.167,25829.125,0.384,765.932,0.022 
76,Neighborhooods - Analysis Boundaries x Original Priority,0.170,26607.903,0.477,776.984,0.022 
77,City x Station Area,0.173,27403.018,0.352,793.053,0.022 
78,City x Zipcode of Incident,0.175,28207.837,0.437,803.072,0.022 
79,City x Neighborhooods - Analysis Boundaries,0.178,29022.362,0.322,812.493,0.021 
80,Original Priority x Station Area,0.181,29855.163,0.403,831.063,0.021 
81,City x Fire Prevention District,0.182,30696.621,0.294,839.453,0.021 
82,Final Priority x Station Area,0.182,31552.498,0.381,854.182,0.020 
83,Priority x Zipcode of Incident,0.184,32419.907,0.268,865.385,0.020 
84,Final Priority x Neighborhooods - Analysis Boundaries,0.185,33302.445,0.334,880.894,0.020 
85,Battalion x City,0.185,34198.078,0.239,893.676,0.019 
86,Priority x Supervisor District,0.186,35105.247,0.300,905.561,0.019 
87,Original Priority x Zipcode of Incident,0.188,36027.633,0.214,920.473,0.019 
88,Original Priority x Supervisor District,0.189,36963.625,0.266,934.420,0.018 
89,Final Priority x Zipcode of Incident,0.189,37912.929,0.187,947.415,0.018 
90,Fire Prevention District x Priority,0.190,38875.930,0.232,961.468,0.018 
91,Final Priority x Supervisor District,0.190,39854.808,0.160,977.010,0.017 
92,City x Supervisor District,0.191,40846.298,0.201,989.988,0.017 
93,Battalion x Priority,0.191,41850.032,0.136,1001.897,0.017 
94,Fire Prevention District x Original Priority,0.192,42868.606,0.165,1017.116,0.017 
95,Final Priority x Fire Prevention District,0.192,43904.149,0.110,1033.736,0.016 
96,Battalion x Original Priority,0.193,44955.942,0.135,1050.371,0.016 
97,Call Type x City,0.195,46016.887,0.084,1059.170,0.016 
98,Battalion x Final Priority,0.195,47093.904,0.106,1075.625,0.016 
99,Call Final Disposition x City,0.196,48182.281,0.061,1086.573,0.016 
100,City x Unit Type,0.197,49284.598,0.072,1100.959,0.016 
101,Call Type Group x City,0.197,50402.461,0.040,1116.142,0.016 
102,ALS Unit x City,0.197,51531.933,0.042,1128.145,0.016 
103,City x Original Priority,0.198,52677.928,0.020,1144.283,0.016 
104,City x Final Priority,0.198,53836.218,0.014,1157.011,0.015 
