0,City x Priority,0.001,4.061,1.559,0.999,1.184 
1,Call Type x Original Priority,0.003,8.927,1.466,1.956,0.936 
2,Neighborhooods - Analysis Boundaries x Station Area,0.017,14.958,1.452,3.129,0.842 
3,Neighborhooods - Analysis Boundaries x Zipcode of Incident,0.027,27.876,1.420,10.035,0.789 
4,Neighborhooods - Analysis Boundaries x Supervisor District,0.030,44.751,1.402,14.036,0.739 
5,Battalion x Fire Prevention District,0.031,62.557,1.375,14.994,0.675 
6,Station Area x Zipcode of Incident,0.042,95.471,1.363,30.077,0.660 
7,Battalion x Station Area,0.046,138.165,1.371,39.882,0.646 
8,Fire Prevention District x Station Area,0.050,193.435,1.333,52.518,0.631 
9,Fire Prevention District x Neighborhooods - Analysis Boundaries,0.053,256.936,1.315,60.803,0.617 
10,Call Final Disposition x Call Type Group,0.054,321.164,1.248,61.593,0.418 
11,Battalion x Neighborhooods - Analysis Boundaries,0.057,395.052,1.244,71.228,0.404 
12,Fire Prevention District x Zipcode of Incident,0.060,476.880,1.222,79.186,0.390 
13,Station Area x Supervisor District,0.064,570.726,1.162,91.304,0.376 
14,Battalion x Zipcode of Incident,0.066,672.628,1.149,99.398,0.363 
15,Supervisor District x Zipcode of Incident,0.069,791.305,1.121,116.205,0.349 
16,Fire Prevention District x Supervisor District,0.070,918.576,1.104,124.811,0.336 
17,Battalion x Supervisor District,0.071,1055.166,1.092,134.150,0.324 
18,ALS Unit x Unit Type,0.071,1192.676,1.075,135.075,0.189 
19,Final Priority x Priority,0.071,1328.756,1.149,133.560,0.145 
20,Original Priority x Priority,0.072,1473.220,1.078,142.020,0.137 
21,Call Type x Call Type Group,0.073,1632.165,1.064,156.465,0.130 
22,Final Priority x Original Priority,0.073,1800.665,1.061,166.073,0.122 
23,Call Final Disposition x Call Type,0.077,1982.491,1.047,179.020,0.116 
24,Call Type Group x Priority,0.077,2172.474,1.339,187.277,0.110 
25,Call Type Group x Original Priority,0.078,2370.883,1.032,195.631,0.104 
26,Call Type Group x Final Priority,0.078,2578.154,1.303,204.603,0.099 
27,Call Type Group x Unit Type,0.078,2795.991,1.003,215.080,0.094 
28,Call Type x Unit Type,0.081,3022.246,1.283,223.615,0.090 
29,Call Final Disposition x Unit Type,0.082,3256.714,0.980,231.743,0.087 
30,Priority x Unit Type,0.082,3499.505,1.250,240.178,0.083 
31,Original Priority x Unit Type,0.083,3752.656,0.960,250.437,0.080 
32,Call Final Disposition x Original Priority,0.084,4013.989,1.221,258.752,0.076 
33,Call Type x Priority,0.086,4284.857,0.939,268.175,0.073 
34,Call Final Disposition x Priority,0.087,4566.185,1.199,278.768,0.070 
35,Final Priority x Unit Type,0.087,4855.594,0.918,287.126,0.066 
36,Call Final Disposition x Final Priority,0.087,5154.242,0.924,296.320,0.063 
37,ALS Unit x Call Type,0.088,5464.765,0.895,307.900,0.060 
38,Call Type x Final Priority,0.088,5785.132,1.118,317.891,0.057 
39,ALS Unit x Call Type Group,0.088,6114.393,0.878,326.641,0.055 
40,ALS Unit x Call Final Disposition,0.089,6453.482,1.106,336.594,0.052 
41,Call Type x Station Area,0.100,6804.637,0.853,348.534,0.051 
42,Call Type x Neighborhooods - Analysis Boundaries,0.110,7167.520,1.072,360.447,0.049 
43,Call Type x Zipcode of Incident,0.117,7542.497,0.824,372.417,0.048 
44,Call Final Disposition x Neighborhooods - Analysis Boundaries,0.122,7928.740,1.037,383.855,0.047 
45,Call Final Disposition x Station Area,0.127,8327.894,0.794,396.629,0.046 
46,ALS Unit x Original Priority,0.127,8735.275,1.010,405.030,0.045 
47,ALS Unit x Station Area,0.128,9152.872,0.763,415.108,0.044 
48,ALS Unit x Priority,0.128,9579.852,0.957,424.686,0.042 
49,Call Type Group x Neighborhooods - Analysis Boundaries,0.129,10017.796,0.736,435.474,0.041 
50,Call Type x Supervisor District,0.132,10467.794,0.927,447.725,0.040 
51,Station Area x Unit Type,0.136,10929.583,0.712,459.342,0.039 
52,Neighborhooods - Analysis Boundaries x Unit Type,0.139,11402.720,0.894,470.910,0.038 
53,Call Final Disposition x Zipcode of Incident,0.142,11888.039,0.675,482.909,0.037 
54,Call Type x Fire Prevention District,0.145,12386.585,0.854,496.355,0.036 
55,Call Type Group x Station Area,0.147,12897.186,0.655,508.216,0.035 
56,ALS Unit x Neighborhooods - Analysis Boundaries,0.147,13418.700,0.821,519.361,0.034 
57,ALS Unit x Zipcode of Incident,0.148,13952.372,0.617,531.329,0.033 
58,Battalion x Call Type,0.150,14498.679,0.782,544.186,0.032 
59,Unit Type x Zipcode of Incident,0.153,15056.815,0.591,555.831,0.031 
60,Call Final Disposition x Supervisor District,0.154,15627.328,0.740,568.449,0.030 
61,ALS Unit x Final Priority,0.154,16209.230,0.560,579.638,0.029 
62,Call Type Group x Zipcode of Incident,0.155,16804.055,0.715,592.772,0.028 
63,ALS Unit x Fire Prevention District,0.155,17410.355,0.540,603.925,0.027 
64,Supervisor District x Unit Type,0.156,18029.045,0.724,616.653,0.026 
65,ALS Unit x Battalion,0.156,18660.259,0.509,629.002,0.025 
66,Call Type Group x Supervisor District,0.157,19303.657,0.647,641.435,0.024 
67,Call Final Disposition x Fire Prevention District,0.158,19960.595,0.487,654.753,0.023 
68,Fire Prevention District x Unit Type,0.159,20628.981,0.601,666.468,0.023 
69,Battalion x Unit Type,0.160,21310.693,0.460,679.469,0.022 
70,Battalion x Call Final Disposition,0.161,22006.847,0.624,694.216,0.021 
71,ALS Unit x Supervisor District,0.161,22716.005,0.432,707.033,0.020 
72,Battalion x Call Type Group,0.162,23437.763,0.537,719.907,0.019 
73,Call Type Group x Fire Prevention District,0.162,24187.571,0.405,747.254,0.018 
74,Neighborhooods - Analysis Boundaries x Priority,0.165,24947.911,0.648,758.307,0.018 
75,Priority x Station Area,0.167,25718.708,0.400,768.483,0.018 
76,Neighborhooods - Analysis Boundaries x Original Priority,0.170,26500.695,0.543,780.059,0.017 
77,City x Station Area,0.173,27298.732,0.369,795.779,0.017 
78,City x Zipcode of Incident,0.175,28106.253,0.492,805.626,0.017 
79,City x Neighborhooods - Analysis Boundaries,0.178,28921.844,0.342,813.398,0.016 
80,Original Priority x Station Area,0.181,29751.046,0.459,827.394,0.016 
81,City x Fire Prevention District,0.182,30591.267,0.303,838.070,0.016 
82,Final Priority x Neighborhooods - Analysis Boundaries,0.182,31443.687,0.399,850.680,0.015 
83,Priority x Zipcode of Incident,0.184,32311.545,0.271,865.699,0.015 
84,Final Priority x Station Area,0.185,33193.619,0.369,880.329,0.014 
85,Battalion x City,0.185,34087.191,0.257,891.392,0.014 
86,Priority x Supervisor District,0.186,34992.697,0.338,903.821,0.014 
87,Original Priority x Zipcode of Incident,0.188,35913.143,0.219,918.346,0.013 
88,Original Priority x Supervisor District,0.189,36847.277,0.296,932.484,0.013 
89,Final Priority x Zipcode of Incident,0.189,37795.907,0.199,946.546,0.013 
90,Final Priority x Supervisor District,0.189,38757.775,0.259,960.249,0.012 
91,Fire Prevention District x Priority,0.190,39732.915,0.166,973.160,0.012 
92,City x Supervisor District,0.191,40719.265,0.211,984.812,0.012 
93,Battalion x Priority,0.191,41722.456,0.140,1001.243,0.012 
94,Fire Prevention District x Original Priority,0.192,42736.751,0.178,1012.837,0.011 
95,Final Priority x Fire Prevention District,0.192,43763.318,0.110,1024.772,0.011 
96,Battalion x Original Priority,0.193,44803.221,0.130,1038.499,0.011 
97,Battalion x Final Priority,0.193,45858.100,0.084,1053.132,0.011 
98,Call Type x City,0.195,46923.051,0.099,1063.583,0.011 
99,Call Final Disposition x City,0.196,47999.164,0.062,1074.390,0.010 
100,City x Unit Type,0.197,49088.623,0.069,1088.124,0.010 
101,Call Type Group x City,0.197,50191.864,0.040,1101.548,0.010 
102,ALS Unit x City,0.197,51307.295,0.040,1114.124,0.010 
103,City x Original Priority,0.198,52440.282,0.020,1131.315,0.010 
104,City x Final Priority,0.198,53587.335,0.015,1145.779,0.010 
