0,None,0,1.581254457508 
1,FLASTD x SET14D,0.002,1.559910805919 
2,DRSHD x DVT14,0.003,1.537948948919 
3,DPED x PE14,0.005,1.515487555379 
4,DMAJNCHD x TRAN14,0.006,1.492375954642 
5,DMAJNCHX x HTI14,0.008,1.468346627283 
6,DDEADX x TRAN14,0.010,1.451289921520 
7,DRSUNKD x NK14,0.012,1.426605947486 
8,DRSISCD x ISC14,0.013,1.401638004327 
9,DNOSTRKX x H14,0.017,1.375396735195 
10,DDEAD x DDEADC,0.020,1.347564304946 
11,DDEAD x DDEADD,0.023,1.329930703604 
12,DSIDE x DSIDED,0.026,1.297788001452 
13,FAP x FDEADC,0.030,1.273539204254 
14,DRSH x ONDRUG,0.033,1.241296636188 
15,DEAD8 x FDEADX,0.039,1.211559142063 
16,DSIDEX x H14,0.047,1.190708878646 
17,CNTRYNUM x COUNTRY,0.059,1.169715022744 
18,DALIVE x DALIVED,0.062,1.141508706139 
19,FDEADD x OCCODE,0.070,1.112215899209 
20,DTHROMB x HOURLOCAL,0.073,1.077922498293 
21,DMAJNCH x DPE,0.073,1.043643951426 
22,DASP14 x NCCODE,0.074,1.007382728609 
23,DHAEMD x FU1_COMP,0.077,0.970690946548 
24,DNOSTRK x TD,0.080,0.934972527412 
25,DRSISC x EXPD14,0.083,0.899035402512 
26,DIVH x DSCH,0.083,0.863101687847 
27,DDIAGHA x DOAC,0.084,0.826113412381 
28,DCAREND x DRSUNK,0.084,0.790312598229 
29,DAP x DSTER,0.084,0.752322247319 
30,DDIAGISC x DDIAGUN,0.084,0.714734142565 
31,DGORM x RSBP,0.087,0.677611987921 
32,DHH14 x RHEP24,0.087,0.642984598715 
33,DCAA x EXPD6,0.090,0.608598887912 
34,CMPLASP x CMPLHEP,0.090,0.573302145575 
35,FDEAD x FDENNIS,0.090,0.551601253031 
36,DLH14 x RXHEP,0.090,0.529158810106 
37,EXPDD x RCONSC,0.093,0.501565876814 
38,FPLACE x FRECOVER,0.093,0.478288492358 
39,DEAD3 x DEAD6,0.093,0.448158244665 
40,DASPLT x DPLACE,0.093,0.417947824494 
41,DEAD5 x NCB14,0.093,0.388446338112 
42,COUNTRY x HOSPNUM,0.121,0.380359038953 
43,DEAD2 x DEAD7,0.121,0.350847444460 
44,DMH14 x RXHEP,0.121,0.335554247452 
45,DEAD4 x RDEF8,0.121,0.304253827488 
46,FAP x FOAC,0.121,0.292757567198 
47,RDEF2 x STRK14,0.121,0.261321319715 
48,RDEF7 x STYPE,0.121,0.237638456488 
49,FDENNIS x OCCODE,0.122,0.237424042058 
50,DEAD1 x ID14,0.122,0.211349106573 
51,CNTRYNUM x HOSPNUM,0.155,0.211104542260 
52,AGE x RATRIAL,0.157,0.181594174884 
53,MINLOCAL x RDEF3,0.159,0.155324262806 
54,RASP3 x RDATE,0.161,0.130031419952 
55,RDEF1 x RDEF4,0.161,0.107263210988 
56,FRECOVER x OCCODE,0.161,0.107084435141 
57,DIED x FDEAD,0.161,0.098634484131 
58,RDEF5 x RDEF6,0.161,0.079091008274 
59,DALIVE x DPLACE,0.162,0.078934442299 
60,DALIVED x DPLACE,0.167,0.078777164459 
61,DASP14 x RXASP,0.167,0.078625881602 
62,EXPD6 x EXPDD,0.243,0.078394816600 
63,FDENNIS x FRECOVER,0.243,0.078253107714 
64,FDENNIS x FPLACE,0.244,0.078122087273 
65,FPLACE x OCCODE,0.244,0.077994749049 
66,EXPD14 x EXPDD,0.320,0.077785236708 
67,EXPD14 x EXPD6,0.397,0.077578374725 
68,FDEAD x FPLACE,0.397,0.077459353785 
69,FAP x FDENNIS,0.397,0.077340524907 
70,FDENNIS x FOAC,0.397,0.077221786105 
71,FAP x FPLACE,0.398,0.077103088835 
72,FOAC x FPLACE,0.398,0.076984548672 
73,FAP x FDEAD,0.398,0.076866290176 
74,FDEAD x FOAC,0.398,0.076748122235 
75,FDEAD x FRECOVER,0.398,0.076630019158 
76,FAP x FRECOVER,0.398,0.076512306647 
77,FOAC x FRECOVER,0.398,0.076394801294 
78,FDEAD x OCCODE,0.399,0.076277975108 
79,DIED x FDENNIS,0.399,0.076162742774 
80,DIED x FPLACE,0.399,0.076047499268 
81,FOAC x OCCODE,0.399,0.075932333413 
82,FAP x OCCODE,0.400,0.075817115384 
83,DIED x FAP,0.400,0.075702381411 
84,DIED x FOAC,0.400,0.075587693758 
85,DIED x FDEADC,0.401,0.075471590863 
86,DIED x FRECOVER,0.401,0.075357369874 
87,DIED x FDEADD,0.403,0.075241711672 
88,DIED x OCCODE,0.403,0.075128847789 
89,FDEAD x FDEADC,0.406,0.075012737184 
90,FDEAD x FDEADD,0.409,0.074897071305 
91,FDEADC x FDENNIS,0.412,0.074781997279 
92,FDEADD x FDENNIS,0.415,0.074667363845 
93,FDEADC x FOAC,0.418,0.074552833705 
94,FDEADC x FRECOVER,0.422,0.074438439431 
95,FDEADD x FOAC,0.425,0.074324347497 
96,FDEADD x FRECOVER,0.428,0.074210470122 
97,RDELAY x RSLEEP,0.428,0.057881622210 
98,FAP x FDEADD,0.432,0.057767484210 
99,FDEADC x FPLACE,0.438,0.057652392264 
100,FDEADD x FPLACE,0.443,0.057537747530 
101,FDENNIS x TD,0.446,0.057429180716 
102,FOAC x TD,0.449,0.057321017786 
103,FDEAD x TD,0.452,0.057213189272 
104,FAP x TD,0.456,0.057104529459 
105,FRECOVER x TD,0.459,0.056996803928 
106,FDEADC x OCCODE,0.467,0.056884101088 
107,DIED x TD,0.468,0.056779186147 
108,FPLACE x TD,0.474,0.056670524079 
109,OCCODE x TD,0.482,0.056560019549 
110,RDEF5 x STYPE,0.482,0.056458475705 
111,EXPD14 x RCONSC,0.484,0.056358115105 
112,EXPD14 x RDEF5,0.486,0.056258758095 
113,EXPD14 x RDEF6,0.489,0.056161859587 
114,EXPDD x RDEF5,0.491,0.056069575860 
115,RDEF4 x STYPE,0.491,0.055980449578 
116,EXPDD x RDEF6,0.493,0.055889698957 
117,EXPD14 x STYPE,0.497,0.055798546401 
118,RCT x RVISINF,0.497,0.044574176160 
119,EXPD6 x RDEF5,0.499,0.044488257878 
120,EXPD6 x RDEF6,0.502,0.044404122431 
121,EXPD6 x RCONSC,0.504,0.044322279699 
122,EXPDD x STYPE,0.508,0.044240131602 
123,RDEF6 x STYPE,0.508,0.044163752244 
124,EXPDD x FDENNIS,0.511,0.044089317991 
125,EXPD6 x FDENNIS,0.514,0.044016740234 
126,EXPD6 x STYPE,0.518,0.043944068464 
127,EXPDD x FPLACE,0.523,0.043869987331 
128,EXPD6 x FPLACE,0.528,0.043796394705 
129,EXPDD x OCCODE,0.536,0.043721147191 
130,EXPD14 x FDENNIS,0.539,0.043651448136 
131,EXPD6 x OCCODE,0.547,0.043578139544 
132,DPLACE x OCCODE,0.547,0.043512909845 
133,DPLACE x FPLACE,0.548,0.043447901879 
134,EXPD14 x RDEF4,0.550,0.043380909299 
135,DPLACE x FDENNIS,0.550,0.043316891926 
136,DASPLT x FAP,0.550,0.043253046036 
137,DALIVE x ONDRUG,0.553,0.043186494644 
138,RDEF2 x RDEF3,0.554,0.043124156863 
139,DPLACE x ONDRUG,0.559,0.043056168317 
140,AGE x EXPD6,0.623,0.042922213698 
141,EXPD14 x FPLACE,0.628,0.042854399037 
142,EXPD14 x OCCODE,0.636,0.042784347638 
143,RCONSC x RDEF6,0.636,0.042723296608 
144,RCONSC x RDEF5,0.636,0.042662415249 
145,COUNTRY x RCT,0.637,0.042601209880 
146,CNTRYNUM x RCT,0.637,0.042540004512 
147,HOSPNUM x RCT,0.639,0.042479202264 
148,DALIVED x FDENNIS,0.642,0.042416939712 
149,EXPDD x RDEF4,0.644,0.042355645807 
150,HOSPNUM x RDATE,0.694,0.042242092285 
151,DALIVE x FPLACE,0.694,0.042185266751 
152,DALIVE x OCCODE,0.694,0.042128585870 
153,DALIVE x FDENNIS,0.694,0.042073050025 
154,EXPD6 x RDEF4,0.697,0.042015442646 
155,DALIVED x OCCODE,0.704,0.041951817889 
156,DDEAD x TD,0.708,0.041893715930 
157,DDEAD x OCCODE,0.708,0.041838863328 
158,DDEAD x DIED,0.708,0.041784468064 
159,DALIVED x FPLACE,0.713,0.041724118890 
160,DDEAD x FDEAD,0.713,0.041669710785 
161,DDEAD x FDEADD,0.716,0.041612109698 
162,DDEAD x FDENNIS,0.717,0.041558120602 
163,DDEAD x FPLACE,0.717,0.041504142345 
164,DDEAD x FRECOVER,0.717,0.041450347791 
165,DASPLT x FOAC,0.717,0.041396555182 
166,DDEAD x FOAC,0.717,0.041342837475 
167,DDEAD x FAP,0.717,0.041289102000 
168,RDEF3 x STYPE,0.717,0.041236569468 
169,DDEADD x DIED,0.719,0.041182439514 
170,DDEADC x DIED,0.721,0.041128336172 
171,ID14 x TD,0.722,0.041074769157 
172,EXPD6 x FRECOVER,0.725,0.041019551293 
173,EXPD14 x RDEF1,0.727,0.040965299387 
174,EXPDD x FRECOVER,0.730,0.040910257986 
175,DDEAD x ID14,0.731,0.040858763807 
176,FDEADD x ID14,0.732,0.040805983117 
177,DDEAD x FDEADC,0.735,0.040751485865 
178,DIED x EXPD6,0.737,0.040698779120 
179,DDEADC x FOAC,0.740,0.040644375557 
180,EXPD14 x FRECOVER,0.743,0.040590237163 
181,DALIVE x DASPLT,0.743,0.040539464373 
182,DDEADD x FDEAD,0.746,0.040485365158 
183,DDEADC x FDEAD,0.749,0.040431266235 
184,EXPD6 x FAP,0.753,0.040376444803 
185,DPLACE x EXPDD,0.758,0.040320007010 
186,FPLACE x RDEF5,0.758,0.040269600667 
187,DDEADC x FAP,0.762,0.040215073336 
188,DDEADD x FDENNIS,0.765,0.040161441254 
189,DDEADC x FDENNIS,0.768,0.040107835557 
190,DDEADC x FRECOVER,0.772,0.040054268646 
191,DDEADD x ID14,0.773,0.040002471861 
192,DDEADD x FRECOVER,0.776,0.039948969181 
193,EXPD6 x FDEAD,0.779,0.039895623390 
194,FPLACE x RDEF6,0.779,0.039845531212 
195,DDEADD x FOAC,0.782,0.039792168630 
196,DIED x EXPDD,0.784,0.039740598025 
197,EXPD6 x FOAC,0.787,0.039687357816 
198,EXPDD x FOAC,0.790,0.039634137337 
199,DDEADC x ID14,0.792,0.039582648896 
200,AGE x FPLACE,0.796,0.039527864370 
201,COUNTRY x DGORM,0.797,0.039476896689 
202,CNTRYNUM x DGORM,0.799,0.039425929008 
203,EXPDD x FAP,0.802,0.039372516938 
204,DIED x EXPD14,0.804,0.039321747519 
205,DDEADD x FAP,0.808,0.039268363377 
206,EXPDD x FDEAD,0.811,0.039216005924 
207,RDEF4 x RDEF5,0.811,0.039167066045 
208,DPLACE x EXPD6,0.816,0.039112493761 
209,EXPD14 x FOAC,0.819,0.039060543173 
210,DPLACE x EXPD14,0.825,0.039006322866 
211,DASPLT x FPLACE,0.825,0.038957975329 
212,EXPD14 x FDEAD,0.828,0.038906606777 
213,AGE x EXPDD,0.892,0.038786685918 
214,DPLACE x FRECOVER,0.892,0.038738659355 
215,DDEADC x FPLACE,0.898,0.038684811591 
216,DALIVED x DASPLT,0.901,0.038633575372 
217,FDENNIS x RDEF6,0.901,0.038585727737 
218,OCCODE x RDEF6,0.901,0.038537793666 
219,DALIVE x DIED,0.901,0.038490126360 
220,ID14 x OCCODE,0.901,0.038442357834 
221,DALIVE x FDEAD,0.901,0.038394652757 
222,DDEADD x FPLACE,0.907,0.038341031455 
223,FDENNIS x RDEF5,0.907,0.038293501270 
224,EXPD14 x RDEF3,0.909,0.038243509066 
225,EXPD14 x FAP,0.913,0.038191827214 
226,OCCODE x RDEF5,0.913,0.038144203369 
227,DIED x ID14,0.913,0.038096806393 
228,FDEAD x ID14,0.913,0.038049440603 
229,FDENNIS x ID14,0.913,0.038002483842 
230,FPLACE x ID14,0.913,0.037955536521 
231,DASPLT x FRECOVER,0.913,0.037908584220 
232,FRECOVER x ID14,0.914,0.037861722223 
233,FAP x ID14,0.914,0.037814982562 
234,FOAC x ID14,0.914,0.037768261779 
235,DASPLT x OCCODE,0.914,0.037721436550 
236,DASPLT x FDENNIS,0.914,0.037674890274 
237,DASPLT x FDEAD,0.914,0.037628364375 
238,DALIVE x FOAC,0.914,0.037581883308 
239,DASPLT x DIED,0.914,0.037535480947 
240,DALIVE x FAP,0.915,0.037489021374 
241,DALIVE x FRECOVER,0.915,0.037442770701 
242,DPLACE x FAP,0.915,0.037396418782 
243,DPLACE x FOAC,0.915,0.037350128234 
244,DALIVED x DIED,0.917,0.037302453837 
245,DIED x DPLACE,0.917,0.037256423172 
246,DDEADC x OCCODE,0.925,0.037201847310 
247,DDEADD x OCCODE,0.932,0.037147288148 
248,FPLACE x RCONSC,0.932,0.037101272259 
249,DPLACE x FDEAD,0.933,0.037055219592 
250,DALIVED x FRECOVER,0.936,0.037005992881 
251,FDEADC x ID14,0.937,0.036958529553 
252,RDEF2 x STYPE,0.937,0.036912725592 
253,RCONSC x STYPE,0.937,0.036867311099 
254,DEAD1 x FDEADC,0.939,0.036820373172 
255,DALIVE x EXPD14,0.942,0.036771838561 
256,DALIVE x EXPDD,0.945,0.036723596236 
257,DASPLT x TD,0.948,0.036675330112 
258,DALIVE x FDEADD,0.951,0.036627266555 
259,DALIVED x FDEAD,0.954,0.036579355610 
260,DALIVE x FDEADC,0.957,0.036531691277 
261,DALIVED x FOAC,0.961,0.036484042732 
262,DALIVE x EXPD6,0.964,0.036436620236 
263,DASPLT x FDEADD,0.967,0.036389341262 
264,DALIVE x TD,0.970,0.036342738384 
265,DALIVED x FAP,0.974,0.036295279882 
266,DASPLT x FDEADC,0.977,0.036248737252 
267,COUNTRY x RDATE,0.995,0.036186037705 
268,COUNTRY x DPLACE,0.996,0.036141347999 
269,DPLACE x TD,1.002,0.036092987337 
270,EXPDD x RDEF1,1.004,0.036048166244 
271,DPLACE x FDEADD,1.010,0.036000036064 
272,CNTRYNUM x DPLACE,1.012,0.035955346357 
273,COUNTRY x OCCODE,1.015,0.035910213462 
274,DPLACE x HOSPNUM,1.020,0.035862170545 
275,EXPDD x SEX,1.021,0.034888474459 
276,DPLACE x RDEF5,1.022,0.034846828935 
277,EXPDD x RDEF3,1.024,0.034802808447 
278,CNTRYNUM x OCCODE,1.027,0.034757675552 
279,FDENNIS x ONDRUG,1.030,0.034713190580 
280,DASP14 x DASPLT,1.031,0.034672186200 
281,RDEF4 x RDEF6,1.031,0.034631368400 
282,FOAC x RDEF5,1.031,0.034590722821 
283,DPLACE x FDEADC,1.036,0.034544128811 
284,FDENNIS x RCONSC,1.036,0.034503550435 
285,OCCODE x RCONSC,1.036,0.034462966147 
286,DPLACE x RDEF6,1.037,0.034422509324 
287,EXPD6 x RATRIAL,1.039,0.034379821239 
288,AGE x FDENNIS,1.041,0.034336835670 
289,FRECOVER x RDEF5,1.042,0.034296909632 
290,COUNTRY x FDENNIS,1.043,0.034255947182 
291,DASPLT x DDEAD,1.043,0.034216215687 
292,DEAD1 x OCCODE,1.043,0.034176464967 
293,FDEAD x RDEF5,1.043,0.034136787590 
294,DIED x RDEF5,1.043,0.034097176690 
295,FAP x RDEF5,1.043,0.034057560511 
296,CNTRYNUM x FDENNIS,1.044,0.034016598061 
297,DEAD1 x DIED,1.045,0.033977184854 
298,DEAD1 x FDEAD,1.045,0.033937769031 
299,DALIVED x RDEF5,1.047,0.033895889527 
300,FPLACE x STYPE,1.047,0.033856457787 
301,DEAD1 x FRECOVER,1.047,0.033817347063 
302,DALIVE x RDEF5,1.047,0.033778204377 
303,DEAD1 x FDENNIS,1.047,0.033739128684 
304,DEAD1 x FPLACE,1.047,0.033700060840 
305,FRECOVER x RCONSC,1.048,0.033661043484 
306,FDEAD x RCONSC,1.048,0.033622127081 
307,DEAD1 x FOAC,1.048,0.033583247617 
308,DEAD1 x FAP,1.048,0.033544352454 
309,DIED x RCONSC,1.048,0.033505557629 
310,FOAC x RDEF6,1.048,0.033466878831 
311,FOAC x RCONSC,1.048,0.033428200179 
312,FAP x RCONSC,1.048,0.033389508013 
313,RCONSC x RDEF4,1.048,0.033350897969 
314,DALIVED x RDEF6,1.051,0.033309771817 
315,DAYLOCAL x ONDRUG,1.056,0.030439757051 
316,DALIVE x RDEF6,1.056,0.030401293392 
317,FDENNIS x STYPE,1.056,0.030362811180 
318,OCCODE x STYPE,1.057,0.030324175199 
319,CNTRYNUM x RDATE,1.078,0.030261475652 
320,DEAD1 x FDEADD,1.080,0.030221639434 
321,DIED x RDEF6,1.080,0.030183493910 
322,FAP x RDEF6,1.080,0.030145339682 
323,FDEAD x RDEF6,1.080,0.030107216785 
324,FRECOVER x RDEF6,1.080,0.030069175889 
325,DALIVE x DDEAD,1.080,0.030031535536 
326,FDEADD x RDEF5,1.083,0.029991491973 
327,DEAD1 x TD,1.084,0.029952391104 
328,RDEF1 x RDEF2,1.084,0.029915160321 
329,FDEADC x RDEF5,1.087,0.029875521809 
330,HOSPNUM x RASP3,1.089,0.029835972046 
331,OCCODE x ONDRUG,1.097,0.029790401424 
332,DGORM x HOSPNUM,1.100,0.029750202208 
333,RDEF5 x TD,1.102,0.029710870220 
334,EXPD6 x RDEF1,1.104,0.029671582950 
335,AGE x OCCODE,1.111,0.029627790252 
336,FDEADD x RCONSC,1.113,0.029588615020 
337,COUNTRY x DALIVE,1.114,0.029551083499 
338,FDEADC x RCONSC,1.116,0.029512239781 
339,EXPD14 x RATRIAL,1.119,0.029473520279 
340,CNTRYNUM x DALIVE,1.120,0.029435988759 
341,RDEF1 x RDEF3,1.120,0.029399892265 
342,DASPLT x DDEADD,1.123,0.029360586587 
343,RCONSC x TD,1.125,0.029322164047 
344,DASPLT x DDEADC,1.129,0.029282933329 
345,FDEADD x RDEF6,1.131,0.029244570094 
346,EXPD6 x RDEF3,1.133,0.029206516858 
347,FDEADC x RDEF6,1.135,0.029168472764 
348,DDEAD x DPLACE,1.136,0.029133098096 
349,DPLACE x STYPE,1.136,0.029098063279 
350,DALIVE x HOSPNUM,1.139,0.029060122226 
351,DASPLT x ID14,1.139,0.029025588381 
352,RDEF6 x TD,1.141,0.028988525823 
353,DPLACE x RCONSC,1.142,0.028954102079 
354,DALIVED x DDEAD,1.145,0.028916559463 
355,DALIVE x RCONSC,1.145,0.028882641486 
356,DALIVE x DDEADC,1.148,0.028845443485 
357,DALIVE x DDEADD,1.151,0.028808322636 
358,DLH14 x DMH14,1.151,0.028774566320 
359,COUNTRY x FPLACE,1.153,0.028738815268 
360,FRECOVER x ONDRUG,1.156,0.028701921250 
361,HOSPNUM x OCCODE,1.164,0.028660126136 
362,CNTRYNUM x FPLACE,1.166,0.028624375084 
363,FDENNIS x HOSPNUM,1.169,0.028587857692 
364,DDEADC x DPLACE,1.174,0.028548731919 
365,EXPD14 x RDEF2,1.177,0.028513419825 
366,DALIVED x RCONSC,1.179,0.028478103930 
367,DCAREND x DMH14,1.179,0.028445260901 
368,DMH14 x DRSUNK,1.179,0.028412572327 
369,FDENNIS x RDEF3,1.179,0.028380176099 
370,DRSUNK x RATRIAL,1.179,0.028347945531 
371,OCCODE x RDEF3,1.180,0.028315572213 
372,DCAREND x RATRIAL,1.180,0.028283395884 
373,DCAREND x RASP3,1.180,0.028251267993 
374,DRSUNK x RASP3,1.180,0.028219167323 
375,DHH14 x RATRIAL,1.180,0.028187094449 
376,RASP3 x RATRIAL,1.180,0.028155021575 
377,DHH14 x RASP3,1.180,0.028122948702 
378,AGE x SEX,1.181,0.028089535923 
379,DMH14 x RASP3,1.182,0.028057497108 
380,DCAREND x DHH14,1.182,0.028025460740 
381,DHH14 x DMH14,1.182,0.027993426110 
382,DMH14 x RATRIAL,1.182,0.027961391480 
383,DHH14 x DRSUNK,1.182,0.027929358589 
384,DASPLT x EXPD14,1.185,0.027894131388 
385,COUNTRY x TD,1.213,0.027831164215 
386,HOSPNUM x RDELAY,1.249,0.027758293472 
387,DASPLT x EXPD6,1.252,0.027723236663 
388,AGE x FAP,1.256,0.027688020877 
389,DALIVE x STYPE,1.256,0.027656252714 
390,AGE x DIED,1.257,0.027623239271 
391,RATRIAL x RDATE,1.258,0.027590023796 
392,DASPLT x EXPDD,1.262,0.027555101277 
393,HOSPNUM x RATRIAL,1.264,0.027521058264 
394,AGE x FOAC,1.266,0.027486832668 
395,CMPLHEP x NCCODE,1.267,0.027454867276 
396,FDEADD x TD,1.345,0.027336186083 
397,AGE x FRECOVER,1.347,0.027302241956 
398,FRECOVER x STYPE,1.348,0.027271027978 
399,COUNTRY x RDELAY,1.361,0.027225217487 
400,AGE x FDEAD,1.363,0.027191510755 
401,FOAC x STYPE,1.363,0.027160690414 
402,DRSUNK x RDATE,1.365,0.027127861849 
403,DDIAGISC x RCT,1.365,0.027097270589 
404,DALIVED x STYPE,1.369,0.027062555530 
405,DHH14 x RDATE,1.371,0.027030515250 
406,DCAREND x RDATE,1.373,0.026997953722 
407,EXPD14 x RDEF7,1.375,0.026965129419 
408,DMH14 x RDATE,1.377,0.026932794593 
409,COUNTRY x RASP3,1.378,0.026901832260 
410,DALIVE x ID14,1.378,0.026871796161 
411,EXPDD x RDEF7,1.380,0.026839292617 
412,CNTRYNUM x RASP3,1.381,0.026808330284 
413,ID14 x ONDRUG,1.383,0.026776784125 
414,HOSPNUM x RVISINF,1.384,0.026745407785 
415,RDEF1 x STYPE,1.384,0.026715626912 
416,RDEF6 x RDEF7,1.385,0.026685902625 
417,COUNTRY x FOAC,1.386,0.026655093272 
418,HOSPNUM x RDEF5,1.388,0.026622987036 
419,FDEAD x STYPE,1.388,0.026593353586 
420,FAP x STYPE,1.388,0.026563694923 
421,COUNTRY x RDEF6,1.389,0.026533339132 
422,DIED x STYPE,1.389,0.026503947467 
423,CNTRYNUM x FOAC,1.390,0.026473138114 
424,EXPDD x RATRIAL,1.393,0.026441339640 
425,CNTRYNUM x RDEF6,1.394,0.026410983849 
426,DDEADC x DEAD1,1.395,0.026380028675 
427,DPLACE x RDEF3,1.395,0.026350927030 
428,FOAC x RATRIAL,1.396,0.026321906301 
429,DDEADD x DPLACE,1.401,0.026286961147 
430,DASPLT x RDEF5,1.401,0.026258044543 
431,RDEF5 x RDEF7,1.401,0.026229266395 
432,AGE x DPLACE,1.406,0.026195611926 
433,FDEADC x FDEADD,1.483,0.026079498210 
434,FPLACE x HOSPNUM,1.489,0.026044976295 
435,FPLACE x RDEF4,1.489,0.026016351341 
436,DASPLT x RDEF6,1.489,0.025987818302 
437,DPLACE x ID14,1.489,0.025959314114 
438,DALIVED x ID14,1.491,0.025929278015 
439,COUNTRY x RDEF5,1.492,0.025900091824 
440,DDEAD x DEAD1,1.492,0.025871817164 
441,EXPDD x RDEF2,1.494,0.025841061028 
442,OCCODE x RDEF4,1.494,0.025812686969 
443,CNTRYNUM x RDEF5,1.495,0.025783500778 
444,FDENNIS x RDEF4,1.495,0.025755406645 
445,RDELAY x RVISINF,1.496,0.025726605961 
446,DASPLT x RXASP,1.496,0.025698615439 
447,COUNTRY x FAP,1.497,0.025669319601 
448,CNTRYNUM x RDELAY,1.513,0.025623509109 
449,EXPD6 x RDEF7,1.516,0.025593411915 
450,CNTRYNUM x FAP,1.517,0.025564116077 
451,CMPLASP x NCCODE,1.518,0.025536209328 
452,DASPLT x RCONSC,1.518,0.025508975178 
453,STYPE x TD,1.522,0.025477595850 
454,DMH14 x HOSPNUM,1.525,0.025447634046 
455,EXPD14 x RDEF8,1.527,0.025418540919 
456,DDEADD x DEAD1,1.529,0.025390338180 
457,DDEAD x RCONSC,1.529,0.025363862725 
458,FDEADD x STYPE,1.533,0.025333354306 
459,EXPDD x RDEF8,1.535,0.025304746088 
460,DDEAD x EXPD14,1.538,0.025275326666 
461,HOSPNUM x STYPE,1.542,0.025245143829 
462,RDEF7 x RDEF8,1.542,0.025219190977 
463,DEAD4 x FDEADC,1.544,0.025191760413 
464,DDEAD x EXPDD,1.547,0.025162847883 
465,HOSPNUM x RDEF6,1.549,0.025134806196 
466,FAP x RATRIAL,1.549,0.025109225114 
467,FDEADC x STYPE,1.553,0.025079556457 
468,DALIVED x RDEF3,1.555,0.025051818407 
469,DDEAD x EXPD6,1.558,0.025023265001 
470,DRSUNK x HOSPNUM,1.561,0.024994738149 
471,RDEF1 x RDEF5,1.561,0.024969724228 
472,DIED x RDEF4,1.561,0.024944814451 
473,FDEAD x RDEF4,1.562,0.024919887394 
474,CNTRYNUM x TD,1.595,0.024856920221 
475,FOAC x RDEF4,1.595,0.024832016495 
476,DHH14 x HOSPNUM,1.598,0.024804859289 
477,FRECOVER x RDEF4,1.598,0.024780203300 
478,DALIVE x RDEF3,1.598,0.024755580764 
479,RDEF1 x RDEF6,1.598,0.024731034788 
480,DCAREND x HOSPNUM,1.601,0.024703189658 
481,EXPD14 x ID14,1.603,0.024677119665 
482,RDEF3 x RDEF6,1.603,0.024652710432 
483,COUNTRY x DCAA,1.604,0.024627232187 
484,FAP x RDEF4,1.604,0.024602967861 
485,DASPLT x HOSPNUM,1.607,0.024575430543 
486,ID14 x RCONSC,1.607,0.024551283592 
487,DDEAD x RDEF5,1.607,0.024527139872 
488,CNTRYNUM x DCAA,1.608,0.024501661627 
489,EXPD6 x RDEF8,1.611,0.024475156671 
490,EXPD6 x RDEF2,1.613,0.024448659075 
491,DDEADD x RCONSC,1.615,0.024422177942 
492,DDEADC x RCONSC,1.618,0.024395846533 
493,FOAC x HOSPNUM,1.621,0.024368689763 
494,DPLACE x RDEF4,1.621,0.024344896520 
495,COUNTRY x STYPE,1.622,0.024319769394 
496,RDEF6 x RDEF8,1.622,0.024296142407 
497,FPLACE x RDEF3,1.622,0.024272464774 
498,EXPDD x ID14,1.624,0.024247277698 
499,COUNTRY x FRECOVER,1.625,0.024222744674 
500,CNTRYNUM x STYPE,1.627,0.024197617548 
501,EXPD6 x ID14,1.628,0.024172721802 
502,FPLACE x SEX,1.628,0.024149446550 
503,DDEAD x RDEF6,1.628,0.024126281642 
504,RDEF3 x RDEF5,1.629,0.024103157215 
505,CNTRYNUM x FRECOVER,1.630,0.024078624190 
506,AGE x RDEF5,1.632,0.024053574468 
507,FAP x HOSPNUM,1.636,0.024026413232 
508,FDEADD x RDEF4,1.638,0.024001017561 
509,FRECOVER x RDEF3,1.638,0.023978148926 
510,AGE x DALIVE,1.641,0.023952587482 
511,FRECOVER x HOSPNUM,1.644,0.023926494318 
512,COUNTRY x RATRIAL,1.644,0.023903088805 
513,DEAD1 x EXPDD,1.646,0.023878918150 
514,RDEF8 x STYPE,1.646,0.023856372485 
515,DEAD1 x EXPD14,1.648,0.023832250088 
516,DPLACE x RDEF1,1.648,0.023809690671 
517,FDEADC x RDEF4,1.650,0.023784746251 
518,CNTRYNUM x RATRIAL,1.651,0.023761340738 
519,DEAD4 x OCCODE,1.651,0.023738902114 
520,DEAD4 x DIED,1.651,0.023716654011 
521,RDEF4 x TD,1.654,0.023691853810 
522,DEAD4 x FDEAD,1.654,0.023669604230 
523,DALIVE x RDEF4,1.654,0.023647327418 
524,COUNTRY x DASPLT,1.655,0.023623949625 
525,FPLACE x ONDRUG,1.660,0.023595745688 
526,DEAD1 x EXPD6,1.662,0.023571961533 
527,DDEAD x ONDRUG,1.665,0.023546499884 
528,OCCODE x SEX,1.665,0.023524355413 
529,DEAD4 x FDENNIS,1.665,0.023502332163 
530,DALIVE x DEAD1,1.665,0.023480322732 
531,DEAD4 x FPLACE,1.665,0.023458269581 
532,DASPLT x DEAD1,1.665,0.023436285294 
533,DEAD4 x FOAC,1.665,0.023414338479 
534,RCONSC x RDEF7,1.665,0.023392385692 
535,DEAD4 x FAP,1.666,0.023370430016 
536,FDENNIS x RDEF1,1.666,0.023348457634 
537,CNTRYNUM x DASPLT,1.667,0.023325079840 
538,DALIVED x RDEF4,1.669,0.023300628908 
539,AGE x RDEF6,1.671,0.023276628357 
540,FDENNIS x SEX,1.671,0.023254724104 
541,RCONSC x RDEF1,1.671,0.023232850047 
542,RCT x RDELAY,1.672,0.023210236212 
543,DEAD4 x FRECOVER,1.672,0.023188405281 
544,COUNTRY x FU1_COMP,1.700,0.023135495170 
545,OCCODE x RDEF1,1.700,0.023113549221 
546,DDEADC x RDEF5,1.702,0.023089281367 
547,DEAD1 x RCONSC,1.702,0.023067582958 
548,DDEADD x RDEF5,1.705,0.023043383014 
549,COUNTRY x HOURLOCAL,1.732,0.022990918455 
550,DAYLOCAL x HOSPNUM,1.738,0.022963347285 
551,HOSPNUM x RDEF4,1.740,0.022939258120 
552,FPLACE x RATRIAL,1.740,0.022917608550 
553,ID14 x RDEF5,1.740,0.022896365571 
554,RDEF5 x RDEF8,1.740,0.022875359262 
555,DASPLT x STYPE,1.740,0.022854275311 
556,DEAD1 x DPLACE,1.740,0.022833328568 
557,RCONSC x RDEF3,1.740,0.022812610048 
558,FPLACE x RDEF1,1.741,0.022791829445 
559,DDEADD x RDEF6,1.743,0.022768662823 
560,DDEADC x RDEF6,1.745,0.022745514307 
561,FDENNIS x RDEF2,1.745,0.022724875420 
562,DEAD4 x FDEADD,1.747,0.022702653131 
563,RDEF5 x RVISINF,1.747,0.022682115712 
564,DEAD1 x RDEF5,1.747,0.022661604331 
565,OCCODE x RDEF2,1.747,0.022640941636 
566,ID14 x RDEF6,1.747,0.022620521543 
567,AGE x STYPE,1.750,0.022596604897 
568,DALIVED x DEAD1,1.752,0.022574588954 
569,RATRIAL x RDEF5,1.752,0.022554333267 
570,DASPLT x DDIAGISC,1.752,0.022534034939 
571,DAYLOCAL x RDATE,1.756,0.022510442322 
572,DPLACE x RDEF2,1.756,0.022490744119 
573,COUNTRY x RVISINF,1.756,0.022470650428 
574,CNTRYNUM x RVISINF,1.757,0.022450556738 
575,RDEF2 x RDEF7,1.757,0.022431141869 
576,AGE x COUNTRY,1.780,0.022385972196 
577,DEAD4 x TD,1.782,0.022365150999 
578,DALIVE x RDEF1,1.782,0.022346026469 
579,DDIAGHA x DDIAGISC,1.782,0.022326844209 
580,FDENNIS x RATRIAL,1.782,0.022307781903 
581,FDEAD x RATRIAL,1.782,0.022288726555 
582,RATRIAL x RDEF6,1.782,0.022269703554 
583,RDEF4 x RDEF7,1.782,0.022250681150 
584,DEAD1 x RDEF6,1.782,0.022231693259 
585,DIED x RATRIAL,1.782,0.022212727603 
586,EXPD6 x SEX,1.784,0.022192172317 
587,DALIVED x RDEF1,1.786,0.022170791051 
588,RDEF3 x RDEF7,1.786,0.022151990880 
589,FRECOVER x RATRIAL,1.786,0.022133171510 
590,OCCODE x RATRIAL,1.787,0.022114296991 
591,DPLACE x RATRIAL,1.787,0.022095566591 
592,RCONSC x RDEF8,1.787,0.022077001176 
593,HOSPNUM x RDEF1,1.789,0.022056033912 
594,RCONSC x RVISINF,1.789,0.022037796395 
595,COUNTRY x RDEF1,1.790,0.022018815888 
596,DCAA x HOSPNUM,1.793,0.021997349203 
597,DASPLT x RDEF4,1.793,0.021979230244 
598,DDIAGISC x RVISINF,1.793,0.021961147156 
599,FDEADC x TD,1.871,0.021855627393 
